<?xml version='1.0' encoding='UTF-8'?>
<result plugin="junit@1.3">
  <suites>
    <suite>
      <file>/home/jenkins/workspace/java-commons/target/surefire-reports/TEST-org.acmsl.commons.BundleI14ableTest.xml</file>
      <name>org.acmsl.commons.BundleI14ableTest</name>
      <duration>0.001</duration>
      <cases>
        <case>
          <duration>0.0</duration>
          <className>org.acmsl.commons.BundleI14ableTest</className>
          <testName>testGetBundleName</testName>
          <skipped>false</skipped>
          <failedSince>0</failedSince>
        </case>
        <case>
          <duration>0.001</duration>
          <className>org.acmsl.commons.BundleI14ableTest</className>
          <testName>testVault</testName>
          <skipped>false</skipped>
          <failedSince>0</failedSince>
        </case>
        <case>
          <duration>0.0</duration>
          <className>org.acmsl.commons.BundleI14ableTest</className>
          <testName>testToString</testName>
          <skipped>false</skipped>
          <failedSince>0</failedSince>
        </case>
        <case>
          <duration>0.0</duration>
          <className>org.acmsl.commons.BundleI14ableTest</className>
          <testName>testGetSystemProperty</testName>
          <skipped>false</skipped>
          <failedSince>0</failedSince>
        </case>
        <case>
          <duration>0.0</duration>
          <className>org.acmsl.commons.BundleI14ableTest</className>
          <testName>testGetMessageKey</testName>
          <skipped>false</skipped>
          <failedSince>0</failedSince>
        </case>
        <case>
          <duration>0.0</duration>
          <className>org.acmsl.commons.BundleI14ableTest</className>
          <testName>testSetIsUsingClassLoader</testName>
          <skipped>false</skipped>
          <failedSince>0</failedSince>
        </case>
        <case>
          <duration>0.0</duration>
          <className>org.acmsl.commons.BundleI14ableTest</className>
          <testName>testGetParams</testName>
          <skipped>false</skipped>
          <failedSince>0</failedSince>
        </case>
      </cases>
    </suite>
    <suite>
      <file>/home/jenkins/workspace/java-commons/target/surefire-reports/TEST-org.acmsl.commons.patterns.dao.ValueObjectFieldTest.xml</file>
      <name>org.acmsl.commons.patterns.dao.ValueObjectFieldTest</name>
      <duration>0.004</duration>
      <cases>
        <case>
          <duration>0.004</duration>
          <className>org.acmsl.commons.patterns.dao.ValueObjectFieldTest</className>
          <testName>testGetFormatter</testName>
          <skipped>false</skipped>
          <failedSince>0</failedSince>
        </case>
        <case>
          <duration>0.0</duration>
          <className>org.acmsl.commons.patterns.dao.ValueObjectFieldTest</className>
          <testName>testVault</testName>
          <skipped>false</skipped>
          <failedSince>0</failedSince>
        </case>
        <case>
          <duration>0.0</duration>
          <className>org.acmsl.commons.patterns.dao.ValueObjectFieldTest</className>
          <testName>testToString</testName>
          <skipped>false</skipped>
          <failedSince>0</failedSince>
        </case>
        <case>
          <duration>0.0</duration>
          <className>org.acmsl.commons.patterns.dao.ValueObjectFieldTest</className>
          <testName>testGetName</testName>
          <skipped>false</skipped>
          <failedSince>0</failedSince>
        </case>
      </cases>
    </suite>
    <suite>
      <file>/home/jenkins/workspace/java-commons/target/surefire-reports/TEST-org.acmsl.commons.regexpplugin.CompilerTest.xml</file>
      <name>org.acmsl.commons.regexpplugin.CompilerTest</name>
      <duration>0.019</duration>
      <cases>
        <case>
          <duration>0.0</duration>
          <className>org.acmsl.commons.regexpplugin.CompilerTest</className>
          <testName>testJakartaOroCompile</testName>
          <skipped>false</skipped>
          <failedSince>0</failedSince>
        </case>
        <case>
          <duration>0.007</duration>
          <className>org.acmsl.commons.regexpplugin.CompilerTest</className>
          <testName>testJakartaRegexpCompile</testName>
          <skipped>false</skipped>
          <failedSince>0</failedSince>
        </case>
        <case>
          <duration>0.0</duration>
          <className>org.acmsl.commons.regexpplugin.CompilerTest</className>
          <testName>testDefaultCompile</testName>
          <skipped>false</skipped>
          <failedSince>0</failedSince>
        </case>
        <case>
          <duration>0.011</duration>
          <className>org.acmsl.commons.regexpplugin.CompilerTest</className>
          <testName>testGNUCompile</testName>
          <skipped>false</skipped>
          <failedSince>0</failedSince>
        </case>
        <case>
          <duration>0.001</duration>
          <className>org.acmsl.commons.regexpplugin.CompilerTest</className>
          <testName>testJDKCompile</testName>
          <skipped>false</skipped>
          <failedSince>0</failedSince>
        </case>
      </cases>
    </suite>
    <suite>
      <file>/home/jenkins/workspace/java-commons/target/surefire-reports/TEST-org.acmsl.commons.regexpplugin.HelperTest.xml</file>
      <name>org.acmsl.commons.regexpplugin.HelperTest</name>
      <duration>0.003</duration>
      <cases>
        <case>
          <duration>0.0</duration>
          <className>org.acmsl.commons.regexpplugin.HelperTest</className>
          <testName>replaceAll_works_with_the_default_engine</testName>
          <skipped>false</skipped>
          <failedSince>0</failedSince>
        </case>
        <case>
          <duration>0.001</duration>
          <className>org.acmsl.commons.regexpplugin.HelperTest</className>
          <testName>replaceAll_works_with_the_JDK_engine</testName>
          <skipped>false</skipped>
          <failedSince>0</failedSince>
        </case>
        <case>
          <duration>0.001</duration>
          <className>org.acmsl.commons.regexpplugin.HelperTest</className>
          <testName>replaceAll_works_with_the_JakartaRegexp_engine</testName>
          <skipped>false</skipped>
          <failedSince>0</failedSince>
        </case>
        <case>
          <duration>0.0</duration>
          <className>org.acmsl.commons.regexpplugin.HelperTest</className>
          <testName>replaceAll_works_with_the_ORO_engine</testName>
          <skipped>false</skipped>
          <failedSince>0</failedSince>
        </case>
        <case>
          <duration>0.001</duration>
          <className>org.acmsl.commons.regexpplugin.HelperTest</className>
          <testName>replaceAll_works_with_the_GNURegex_engine</testName>
          <skipped>false</skipped>
          <failedSince>0</failedSince>
        </case>
      </cases>
    </suite>
    <suite>
      <file>/home/jenkins/workspace/java-commons/target/surefire-reports/TEST-org.acmsl.commons.regexpplugin.gnuregexp.CompilerGNUAdapterTest.xml</file>
      <name>org.acmsl.commons.regexpplugin.gnuregexp.CompilerGNUAdapterTest</name>
      <duration>0.0</duration>
      <cases>
        <case>
          <duration>0.0</duration>
          <className>org.acmsl.commons.regexpplugin.gnuregexp.CompilerGNUAdapterTest</className>
          <testName>isCaseSensitive_works</testName>
          <skipped>false</skipped>
          <failedSince>0</failedSince>
        </case>
        <case>
          <duration>0.0</duration>
          <className>org.acmsl.commons.regexpplugin.gnuregexp.CompilerGNUAdapterTest</className>
          <testName>testSetIsMultiline</testName>
          <skipped>false</skipped>
          <failedSince>0</failedSince>
        </case>
      </cases>
    </suite>
    <suite>
      <file>/home/jenkins/workspace/java-commons/target/surefire-reports/TEST-org.acmsl.commons.regexpplugin.gnuregexp.MatchResultGNUAdapterTest.xml</file>
      <name>org.acmsl.commons.regexpplugin.gnuregexp.MatchResultGNUAdapterTest</name>
      <duration>0.0</duration>
      <cases>
        <case>
          <duration>0.0</duration>
          <className>org.acmsl.commons.regexpplugin.gnuregexp.MatchResultGNUAdapterTest</className>
          <testName>groups_works</testName>
          <skipped>false</skipped>
          <failedSince>0</failedSince>
        </case>
        <case>
          <duration>0.0</duration>
          <className>org.acmsl.commons.regexpplugin.gnuregexp.MatchResultGNUAdapterTest</className>
          <testName>group_works</testName>
          <skipped>false</skipped>
          <failedSince>0</failedSince>
        </case>
      </cases>
    </suite>
    <suite>
      <file>/home/jenkins/workspace/java-commons/target/surefire-reports/TEST-org.acmsl.commons.regexpplugin.jakartaoro.AwkCompilerOROAdapterTest.xml</file>
      <name>org.acmsl.commons.regexpplugin.jakartaoro.AwkCompilerOROAdapterTest</name>
      <duration>0.001</duration>
      <cases>
        <case>
          <duration>0.001</duration>
          <className>org.acmsl.commons.regexpplugin.jakartaoro.AwkCompilerOROAdapterTest</className>
          <testName>isMultiline_works</testName>
          <skipped>false</skipped>
          <failedSince>0</failedSince>
        </case>
        <case>
          <duration>0.0</duration>
          <className>org.acmsl.commons.regexpplugin.jakartaoro.AwkCompilerOROAdapterTest</className>
          <testName>isCaseSensitive_works</testName>
          <skipped>false</skipped>
          <failedSince>0</failedSince>
        </case>
      </cases>
    </suite>
    <suite>
      <file>/home/jenkins/workspace/java-commons/target/surefire-reports/TEST-org.acmsl.commons.regexpplugin.jakartaoro.HelperOROAdapterTest.xml</file>
      <name>org.acmsl.commons.regexpplugin.jakartaoro.HelperOROAdapterTest</name>
      <duration>0.0</duration>
      <cases>
        <case>
          <duration>0.0</duration>
          <className>org.acmsl.commons.regexpplugin.jakartaoro.HelperOROAdapterTest</className>
          <testName>replaceAll_works</testName>
          <skipped>false</skipped>
          <failedSince>0</failedSince>
        </case>
      </cases>
    </suite>
    <suite>
      <file>/home/jenkins/workspace/java-commons/target/surefire-reports/TEST-org.acmsl.commons.regexpplugin.jakartaoro.MatchResultOROAdapterTest.xml</file>
      <name>org.acmsl.commons.regexpplugin.jakartaoro.MatchResultOROAdapterTest</name>
      <duration>0.0</duration>
      <cases>
        <case>
          <duration>0.0</duration>
          <className>org.acmsl.commons.regexpplugin.jakartaoro.MatchResultOROAdapterTest</className>
          <testName>groups_matches_groups</testName>
          <skipped>false</skipped>
          <failedSince>0</failedSince>
        </case>
        <case>
          <duration>0.0</duration>
          <className>org.acmsl.commons.regexpplugin.jakartaoro.MatchResultOROAdapterTest</className>
          <testName>group_matches_groups</testName>
          <skipped>false</skipped>
          <failedSince>0</failedSince>
        </case>
      </cases>
    </suite>
    <suite>
      <file>/home/jenkins/workspace/java-commons/target/surefire-reports/TEST-org.acmsl.commons.regexpplugin.jakartaoro.Perl5CompilerOROAdapterTest.xml</file>
      <name>org.acmsl.commons.regexpplugin.jakartaoro.Perl5CompilerOROAdapterTest</name>
      <duration>0.0</duration>
      <cases>
        <case>
          <duration>0.0</duration>
          <className>org.acmsl.commons.regexpplugin.jakartaoro.Perl5CompilerOROAdapterTest</className>
          <testName>isMultiline_works</testName>
          <skipped>false</skipped>
          <failedSince>0</failedSince>
        </case>
        <case>
          <duration>0.0</duration>
          <className>org.acmsl.commons.regexpplugin.jakartaoro.Perl5CompilerOROAdapterTest</className>
          <testName>isCaseSensitive_works</testName>
          <skipped>false</skipped>
          <failedSince>0</failedSince>
        </case>
      </cases>
    </suite>
    <suite>
      <file>/home/jenkins/workspace/java-commons/target/surefire-reports/TEST-org.acmsl.commons.regexpplugin.jakartaregexp.CompilerRegexpAdapterTest.xml</file>
      <name>org.acmsl.commons.regexpplugin.jakartaregexp.CompilerRegexpAdapterTest</name>
      <duration>0.0</duration>
      <cases>
        <case>
          <duration>0.0</duration>
          <className>org.acmsl.commons.regexpplugin.jakartaregexp.CompilerRegexpAdapterTest</className>
          <testName>isMultiline_works</testName>
          <skipped>false</skipped>
          <failedSince>0</failedSince>
        </case>
        <case>
          <duration>0.0</duration>
          <className>org.acmsl.commons.regexpplugin.jakartaregexp.CompilerRegexpAdapterTest</className>
          <testName>isCaseSensitive_works</testName>
          <skipped>false</skipped>
          <failedSince>0</failedSince>
        </case>
      </cases>
    </suite>
    <suite>
      <file>/home/jenkins/workspace/java-commons/target/surefire-reports/TEST-org.acmsl.commons.regexpplugin.jdk14regexp.CompilerJDKAdapterTest.xml</file>
      <name>org.acmsl.commons.regexpplugin.jdk14regexp.CompilerJDKAdapterTest</name>
      <duration>0.0</duration>
      <cases>
        <case>
          <duration>0.0</duration>
          <className>org.acmsl.commons.regexpplugin.jdk14regexp.CompilerJDKAdapterTest</className>
          <testName>isCaseSensitive_works</testName>
          <skipped>false</skipped>
          <failedSince>0</failedSince>
        </case>
        <case>
          <duration>0.0</duration>
          <className>org.acmsl.commons.regexpplugin.jdk14regexp.CompilerJDKAdapterTest</className>
          <testName>testSetIsMultiline</testName>
          <skipped>false</skipped>
          <failedSince>0</failedSince>
        </case>
      </cases>
    </suite>
    <suite>
      <file>/home/jenkins/workspace/java-commons/target/surefire-reports/TEST-org.acmsl.commons.regexpplugin.jdk14regexp.MatchResultJDKAdapterTest.xml</file>
      <name>org.acmsl.commons.regexpplugin.jdk14regexp.MatchResultJDKAdapterTest</name>
      <duration>0.0</duration>
      <cases>
        <case>
          <duration>0.0</duration>
          <className>org.acmsl.commons.regexpplugin.jdk14regexp.MatchResultJDKAdapterTest</className>
          <testName>getMatcher_works</testName>
          <skipped>false</skipped>
          <failedSince>0</failedSince>
        </case>
        <case>
          <duration>0.0</duration>
          <className>org.acmsl.commons.regexpplugin.jdk14regexp.MatchResultJDKAdapterTest</className>
          <testName>groups_works</testName>
          <skipped>false</skipped>
          <failedSince>0</failedSince>
        </case>
        <case>
          <duration>0.0</duration>
          <className>org.acmsl.commons.regexpplugin.jdk14regexp.MatchResultJDKAdapterTest</className>
          <testName>group_works</testName>
          <skipped>false</skipped>
          <failedSince>0</failedSince>
        </case>
      </cases>
    </suite>
    <suite>
      <file>/home/jenkins/workspace/java-commons/target/surefire-reports/TEST-org.acmsl.commons.utils.CharUtilsTest.xml</file>
      <name>org.acmsl.commons.utils.CharUtilsTest</name>
      <duration>0.0</duration>
      <cases>
        <case>
          <duration>0.0</duration>
          <className>org.acmsl.commons.utils.CharUtilsTest</className>
          <testName>testVault</testName>
          <skipped>false</skipped>
          <failedSince>0</failedSince>
        </case>
        <case>
          <duration>0.0</duration>
          <className>org.acmsl.commons.utils.CharUtilsTest</className>
          <testName>testSubbuffer</testName>
          <skipped>false</skipped>
          <failedSince>0</failedSince>
        </case>
        <case>
          <duration>0.0</duration>
          <className>org.acmsl.commons.utils.CharUtilsTest</className>
          <testName>testGetInstance</testName>
          <skipped>false</skipped>
          <failedSince>0</failedSince>
        </case>
      </cases>
    </suite>
    <suite>
      <file>/home/jenkins/workspace/java-commons/target/surefire-reports/TEST-org.acmsl.commons.utils.ClassLoaderUtilsTest.xml</file>
      <name>org.acmsl.commons.utils.ClassLoaderUtilsTest</name>
      <duration>1.778</duration>
      <cases>
        <case>
          <duration>0.018</duration>
          <className>org.acmsl.commons.utils.ClassLoaderUtilsTest</className>
          <testName>pathContainsClass_works</testName>
          <skipped>false</skipped>
          <failedSince>0</failedSince>
        </case>
        <case>
          <duration>1.76</duration>
          <className>org.acmsl.commons.utils.ClassLoaderUtilsTest</className>
          <testName>findLocation_works</testName>
          <skipped>false</skipped>
          <failedSince>0</failedSince>
        </case>
      </cases>
    </suite>
    <suite>
      <file>/home/jenkins/workspace/java-commons/target/surefire-reports/TEST-org.acmsl.commons.utils.ConversionUtilsTest.xml</file>
      <name>org.acmsl.commons.utils.ConversionUtilsTest</name>
      <duration>0.121000014</duration>
      <cases>
        <case>
          <duration>0.001</duration>
          <className>org.acmsl.commons.utils.ConversionUtilsTest</className>
          <testName>testToLongIfNotNull</testName>
          <skipped>false</skipped>
          <failedSince>0</failedSince>
        </case>
        <case>
          <duration>0.102</duration>
          <className>org.acmsl.commons.utils.ConversionUtilsTest</className>
          <testName>testToBigDecimal</testName>
          <skipped>false</skipped>
          <failedSince>0</failedSince>
        </case>
        <case>
          <duration>0.001</duration>
          <className>org.acmsl.commons.utils.ConversionUtilsTest</className>
          <testName>testToFloat</testName>
          <skipped>false</skipped>
          <failedSince>0</failedSince>
        </case>
        <case>
          <duration>0.001</duration>
          <className>org.acmsl.commons.utils.ConversionUtilsTest</className>
          <testName>testToShort</testName>
          <skipped>false</skipped>
          <failedSince>0</failedSince>
        </case>
        <case>
          <duration>0.0</duration>
          <className>org.acmsl.commons.utils.ConversionUtilsTest</className>
          <testName>testToDouble</testName>
          <skipped>false</skipped>
          <failedSince>0</failedSince>
        </case>
        <case>
          <duration>0.001</duration>
          <className>org.acmsl.commons.utils.ConversionUtilsTest</className>
          <testName>testToInt</testName>
          <skipped>false</skipped>
          <failedSince>0</failedSince>
        </case>
        <case>
          <duration>0.0</duration>
          <className>org.acmsl.commons.utils.ConversionUtilsTest</className>
          <testName>testVault</testName>
          <skipped>false</skipped>
          <failedSince>0</failedSince>
        </case>
        <case>
          <duration>0.0</duration>
          <className>org.acmsl.commons.utils.ConversionUtilsTest</className>
          <testName>testToString</testName>
          <skipped>false</skipped>
          <failedSince>0</failedSince>
        </case>
        <case>
          <duration>0.001</duration>
          <className>org.acmsl.commons.utils.ConversionUtilsTest</className>
          <testName>testToBoolean</testName>
          <skipped>false</skipped>
          <failedSince>0</failedSince>
        </case>
        <case>
          <duration>0.0</duration>
          <className>org.acmsl.commons.utils.ConversionUtilsTest</className>
          <testName>testToIntIfNotNull</testName>
          <skipped>false</skipped>
          <failedSince>0</failedSince>
        </case>
        <case>
          <duration>0.0</duration>
          <className>org.acmsl.commons.utils.ConversionUtilsTest</className>
          <testName>testToCharIfNotNull</testName>
          <skipped>false</skipped>
          <failedSince>0</failedSince>
        </case>
        <case>
          <duration>0.0</duration>
          <className>org.acmsl.commons.utils.ConversionUtilsTest</className>
          <testName>testToShortIfNotNull</testName>
          <skipped>false</skipped>
          <failedSince>0</failedSince>
        </case>
        <case>
          <duration>0.0</duration>
          <className>org.acmsl.commons.utils.ConversionUtilsTest</className>
          <testName>testToBigDecimalIfNotNull</testName>
          <skipped>false</skipped>
          <failedSince>0</failedSince>
        </case>
        <case>
          <duration>0.001</duration>
          <className>org.acmsl.commons.utils.ConversionUtilsTest</className>
          <testName>testToByteIfNotNull</testName>
          <skipped>false</skipped>
          <failedSince>0</failedSince>
        </case>
        <case>
          <duration>0.0</duration>
          <className>org.acmsl.commons.utils.ConversionUtilsTest</className>
          <testName>testToDateIfNotNull</testName>
          <skipped>false</skipped>
          <failedSince>0</failedSince>
        </case>
        <case>
          <duration>0.0</duration>
          <className>org.acmsl.commons.utils.ConversionUtilsTest</className>
          <testName>testToBooleanIfNotNull</testName>
          <skipped>false</skipped>
          <failedSince>0</failedSince>
        </case>
        <case>
          <duration>0.001</duration>
          <className>org.acmsl.commons.utils.ConversionUtilsTest</className>
          <testName>testToFloatIfNotNull</testName>
          <skipped>false</skipped>
          <failedSince>0</failedSince>
        </case>
        <case>
          <duration>0.0</duration>
          <className>org.acmsl.commons.utils.ConversionUtilsTest</className>
          <testName>testToDoubleIfNotNull</testName>
          <skipped>false</skipped>
          <failedSince>0</failedSince>
        </case>
        <case>
          <duration>0.0</duration>
          <className>org.acmsl.commons.utils.ConversionUtilsTest</className>
          <testName>testToByte</testName>
          <skipped>false</skipped>
          <failedSince>0</failedSince>
        </case>
        <case>
          <duration>0.011</duration>
          <className>org.acmsl.commons.utils.ConversionUtilsTest</className>
          <testName>testToChar</testName>
          <skipped>false</skipped>
          <failedSince>0</failedSince>
        </case>
        <case>
          <duration>0.0</duration>
          <className>org.acmsl.commons.utils.ConversionUtilsTest</className>
          <testName>testToDate</testName>
          <skipped>false</skipped>
          <failedSince>0</failedSince>
        </case>
        <case>
          <duration>0.001</duration>
          <className>org.acmsl.commons.utils.ConversionUtilsTest</className>
          <testName>testToLong</testName>
          <skipped>false</skipped>
          <failedSince>0</failedSince>
        </case>
        <case>
          <duration>0.0</duration>
          <className>org.acmsl.commons.utils.ConversionUtilsTest</className>
          <testName>testGetInstance</testName>
          <skipped>false</skipped>
          <failedSince>0</failedSince>
        </case>
        <case>
          <duration>0.0</duration>
          <className>org.acmsl.commons.utils.ConversionUtilsTest</className>
          <testName>testToStringIfNotNull</testName>
          <skipped>false</skipped>
          <failedSince>0</failedSince>
        </case>
      </cases>
    </suite>
    <suite>
      <file>/home/jenkins/workspace/java-commons/target/surefire-reports/TEST-org.acmsl.commons.utils.EnglishGrammarUtilsTest.xml</file>
      <name>org.acmsl.commons.utils.EnglishGrammarUtilsTest</name>
      <duration>0.012</duration>
      <cases>
        <case>
          <duration>0.01</duration>
          <className>org.acmsl.commons.utils.EnglishGrammarUtilsTest</className>
          <testName>getPlural_works</testName>
          <skipped>false</skipped>
          <failedSince>0</failedSince>
        </case>
        <case>
          <duration>0.001</duration>
          <className>org.acmsl.commons.utils.EnglishGrammarUtilsTest</className>
          <testName>getRegularSingularForm_works</testName>
          <skipped>false</skipped>
          <failedSince>0</failedSince>
        </case>
        <case>
          <duration>0.0</duration>
          <className>org.acmsl.commons.utils.EnglishGrammarUtilsTest</className>
          <testName>getRegularPluralForm_works</testName>
          <skipped>false</skipped>
          <failedSince>0</failedSince>
        </case>
        <case>
          <duration>0.001</duration>
          <className>org.acmsl.commons.utils.EnglishGrammarUtilsTest</className>
          <testName>getSingular_works</testName>
          <skipped>false</skipped>
          <failedSince>0</failedSince>
        </case>
      </cases>
    </suite>
    <suite>
      <file>/home/jenkins/workspace/java-commons/target/surefire-reports/TEST-org.acmsl.commons.utils.EqualityComparatorTest.xml</file>
      <name>org.acmsl.commons.utils.EqualityComparatorTest</name>
      <duration>0.001</duration>
      <cases>
        <case>
          <duration>0.001</duration>
          <className>org.acmsl.commons.utils.EqualityComparatorTest</className>
          <testName>testAreEqualLong</testName>
          <skipped>false</skipped>
          <failedSince>0</failedSince>
        </case>
        <case>
          <duration>0.0</duration>
          <className>org.acmsl.commons.utils.EqualityComparatorTest</className>
          <testName>testAreEqualFloat</testName>
          <skipped>false</skipped>
          <failedSince>0</failedSince>
        </case>
        <case>
          <duration>0.0</duration>
          <className>org.acmsl.commons.utils.EqualityComparatorTest</className>
          <testName>testAreEqualInt</testName>
          <skipped>false</skipped>
          <failedSince>0</failedSince>
        </case>
        <case>
          <duration>0.0</duration>
          <className>org.acmsl.commons.utils.EqualityComparatorTest</className>
          <testName>testAreEqualDouble</testName>
          <skipped>false</skipped>
          <failedSince>0</failedSince>
        </case>
        <case>
          <duration>0.0</duration>
          <className>org.acmsl.commons.utils.EqualityComparatorTest</className>
          <testName>testAreEqualObject</testName>
          <skipped>false</skipped>
          <failedSince>0</failedSince>
        </case>
      </cases>
    </suite>
    <suite>
      <file>/home/jenkins/workspace/java-commons/target/surefire-reports/TEST-org.acmsl.commons.utils.ReflectionUtilsTest.xml</file>
      <name>org.acmsl.commons.utils.ReflectionUtilsTest</name>
      <duration>0.001</duration>
      <cases>
        <case>
          <duration>0.001</duration>
          <className>org.acmsl.commons.utils.ReflectionUtilsTest</className>
          <testName>testGetFieldValue</testName>
          <skipped>false</skipped>
          <failedSince>0</failedSince>
        </case>
        <case>
          <duration>0.0</duration>
          <className>org.acmsl.commons.utils.ReflectionUtilsTest</className>
          <testName>testGetClassMembers</testName>
          <skipped>false</skipped>
          <failedSince>0</failedSince>
        </case>
        <case>
          <duration>0.0</duration>
          <className>org.acmsl.commons.utils.ReflectionUtilsTest</className>
          <testName>testVault</testName>
          <skipped>false</skipped>
          <failedSince>0</failedSince>
        </case>
        <case>
          <duration>0.0</duration>
          <className>org.acmsl.commons.utils.ReflectionUtilsTest</className>
          <testName>testRetrieveSuperClasses</testName>
          <skipped>false</skipped>
          <failedSince>0</failedSince>
        </case>
        <case>
          <duration>0.0</duration>
          <className>org.acmsl.commons.utils.ReflectionUtilsTest</className>
          <testName>testGetClassMembersAsCollection</testName>
          <skipped>false</skipped>
          <failedSince>0</failedSince>
        </case>
        <case>
          <duration>0.0</duration>
          <className>org.acmsl.commons.utils.ReflectionUtilsTest</className>
          <testName>testGetMember</testName>
          <skipped>false</skipped>
          <failedSince>0</failedSince>
        </case>
        <case>
          <duration>0.0</duration>
          <className>org.acmsl.commons.utils.ReflectionUtilsTest</className>
          <testName>testGetContextClassLoader</testName>
          <skipped>false</skipped>
          <failedSince>0</failedSince>
        </case>
        <case>
          <duration>0.0</duration>
          <className>org.acmsl.commons.utils.ReflectionUtilsTest</className>
          <testName>testGetInstance</testName>
          <skipped>false</skipped>
          <failedSince>0</failedSince>
        </case>
      </cases>
    </suite>
    <suite>
      <file>/home/jenkins/workspace/java-commons/target/surefire-reports/TEST-org.acmsl.commons.utils.SaxUtilsTest.xml</file>
      <name>org.acmsl.commons.utils.SaxUtilsTest</name>
      <duration>0.001</duration>
      <cases>
        <case>
          <duration>0.001</duration>
          <className>org.acmsl.commons.utils.SaxUtilsTest</className>
          <testName>retrieves_the_actual_file_in_a_SAXException</testName>
          <skipped>false</skipped>
          <failedSince>0</failedSince>
        </case>
      </cases>
    </suite>
    <suite>
      <file>/home/jenkins/workspace/java-commons/target/surefire-reports/TEST-org.acmsl.commons.utils.StringUtilsTest.xml</file>
      <name>org.acmsl.commons.utils.StringUtilsTest</name>
      <duration>0.017</duration>
      <cases>
        <case>
          <duration>0.0</duration>
          <className>org.acmsl.commons.utils.StringUtilsTest</className>
          <testName>capitalize_works_for_mixed_cased_strings</testName>
          <skipped>false</skipped>
          <failedSince>0</failedSince>
        </case>
        <case>
          <duration>0.001</duration>
          <className>org.acmsl.commons.utils.StringUtilsTest</className>
          <testName>testJustify</testName>
          <skipped>false</skipped>
          <failedSince>0</failedSince>
        </case>
        <case>
          <duration>0.0</duration>
          <className>org.acmsl.commons.utils.StringUtilsTest</className>
          <testName>capitalize_preserves_camelCase</testName>
          <skipped>false</skipped>
          <failedSince>0</failedSince>
        </case>
        <case>
          <duration>0.003</duration>
          <className>org.acmsl.commons.utils.StringUtilsTest</className>
          <testName>testEscapeRegexp</testName>
          <skipped>false</skipped>
          <failedSince>0</failedSince>
        </case>
        <case>
          <duration>0.0</duration>
          <className>org.acmsl.commons.utils.StringUtilsTest</className>
          <testName>capitalizeFirst_works</testName>
          <skipped>false</skipped>
          <failedSince>0</failedSince>
        </case>
        <case>
          <duration>0.001</duration>
          <className>org.acmsl.commons.utils.StringUtilsTest</className>
          <testName>capitalize_works_for_upper_cased_strings</testName>
          <skipped>false</skipped>
          <failedSince>0</failedSince>
        </case>
        <case>
          <duration>0.004</duration>
          <className>org.acmsl.commons.utils.StringUtilsTest</className>
          <testName>testPackageToFilePath</testName>
          <skipped>false</skipped>
          <failedSince>0</failedSince>
        </case>
        <case>
          <duration>0.0</duration>
          <className>org.acmsl.commons.utils.StringUtilsTest</className>
          <testName>capitalize_works_for_lowercase</testName>
          <skipped>false</skipped>
          <failedSince>0</failedSince>
        </case>
        <case>
          <duration>0.001</duration>
          <className>org.acmsl.commons.utils.StringUtilsTest</className>
          <testName>testApplyToEachLine</testName>
          <skipped>false</skipped>
          <failedSince>0</failedSince>
        </case>
        <case>
          <duration>0.0</duration>
          <className>org.acmsl.commons.utils.StringUtilsTest</className>
          <testName>testRetrieveMinimumIndentInAllLines</testName>
          <skipped>false</skipped>
          <failedSince>0</failedSince>
        </case>
        <case>
          <duration>0.001</duration>
          <className>org.acmsl.commons.utils.StringUtilsTest</className>
          <testName>testRemoveFirstAndLastBlankLines</testName>
          <skipped>false</skipped>
          <failedSince>0</failedSince>
        </case>
        <case>
          <duration>0.001</duration>
          <className>org.acmsl.commons.utils.StringUtilsTest</className>
          <testName>testReplace</testName>
          <skipped>false</skipped>
          <failedSince>0</failedSince>
        </case>
        <case>
          <duration>0.0</duration>
          <className>org.acmsl.commons.utils.StringUtilsTest</className>
          <testName>testUncapitalizeStart</testName>
          <skipped>false</skipped>
          <failedSince>0</failedSince>
        </case>
        <case>
          <duration>0.001</duration>
          <className>org.acmsl.commons.utils.StringUtilsTest</className>
          <testName>testNormalize</testName>
          <skipped>false</skipped>
          <failedSince>0</failedSince>
        </case>
        <case>
          <duration>0.001</duration>
          <className>org.acmsl.commons.utils.StringUtilsTest</className>
          <testName>isEmpty_works_for_empty_strings</testName>
          <skipped>false</skipped>
          <failedSince>0</failedSince>
        </case>
        <case>
          <duration>0.0</duration>
          <className>org.acmsl.commons.utils.StringUtilsTest</className>
          <testName>testEscape</testName>
          <skipped>false</skipped>
          <failedSince>0</failedSince>
        </case>
        <case>
          <duration>0.001</duration>
          <className>org.acmsl.commons.utils.StringUtilsTest</className>
          <testName>testUncapitalize</testName>
          <skipped>false</skipped>
          <failedSince>0</failedSince>
        </case>
        <case>
          <duration>0.002</duration>
          <className>org.acmsl.commons.utils.StringUtilsTest</className>
          <testName>testSoftNormalize</testName>
          <skipped>false</skipped>
          <failedSince>0</failedSince>
        </case>
      </cases>
    </suite>
    <suite>
      <file>/home/jenkins/workspace/java-commons/target/surefire-reports/TEST-org.acmsl.commons.utils.StringValidatorTest.xml</file>
      <name>org.acmsl.commons.utils.StringValidatorTest</name>
      <duration>0.0</duration>
      <cases>
        <case>
          <duration>0.0</duration>
          <className>org.acmsl.commons.utils.StringValidatorTest</className>
          <testName>testIsEmpty</testName>
          <skipped>false</skipped>
          <failedSince>0</failedSince>
        </case>
      </cases>
    </suite>
    <suite>
      <file>/home/jenkins/workspace/java-commons/target/surefire-reports/TEST-org.acmsl.commons.utils.ToStringUtilsTest.xml</file>
      <name>org.acmsl.commons.utils.ToStringUtilsTest</name>
      <duration>0.003</duration>
      <cases>
        <case>
          <duration>0.003</duration>
          <className>org.acmsl.commons.utils.ToStringUtilsTest</className>
          <testName>stackTraceContainsToString_detects_recursive_calls_to_toString</testName>
          <skipped>false</skipped>
          <failedSince>0</failedSince>
        </case>
      </cases>
    </suite>
    <suite>
      <file>/home/jenkins/workspace/java-commons/target/surefire-reports/TEST-org.acmsl.commons.utils.http.HttpServletUtilsTest.xml</file>
      <name>org.acmsl.commons.utils.http.HttpServletUtilsTest</name>
      <duration>0.003</duration>
      <cases>
        <case>
          <duration>0.002</duration>
          <className>org.acmsl.commons.utils.http.HttpServletUtilsTest</className>
          <testName>testGetContextPath</testName>
          <skipped>false</skipped>
          <failedSince>0</failedSince>
        </case>
        <case>
          <duration>0.0</duration>
          <className>org.acmsl.commons.utils.http.HttpServletUtilsTest</className>
          <testName>testAddParameter</testName>
          <skipped>false</skipped>
          <failedSince>0</failedSince>
        </case>
        <case>
          <duration>0.0</duration>
          <className>org.acmsl.commons.utils.http.HttpServletUtilsTest</className>
          <testName>testStore</testName>
          <skipped>false</skipped>
          <failedSince>0</failedSince>
        </case>
        <case>
          <duration>0.001</duration>
          <className>org.acmsl.commons.utils.http.HttpServletUtilsTest</className>
          <testName>testVault</testName>
          <skipped>false</skipped>
          <failedSince>0</failedSince>
        </case>
        <case>
          <duration>0.0</duration>
          <className>org.acmsl.commons.utils.http.HttpServletUtilsTest</className>
          <testName>testI14e</testName>
          <skipped>false</skipped>
          <failedSince>0</failedSince>
        </case>
        <case>
          <duration>0.0</duration>
          <className>org.acmsl.commons.utils.http.HttpServletUtilsTest</className>
          <testName>testParseNameValuePair</testName>
          <skipped>false</skipped>
          <failedSince>0</failedSince>
        </case>
        <case>
          <duration>0.0</duration>
          <className>org.acmsl.commons.utils.http.HttpServletUtilsTest</className>
          <testName>testGetServletPath</testName>
          <skipped>false</skipped>
          <failedSince>0</failedSince>
        </case>
        <case>
          <duration>0.0</duration>
          <className>org.acmsl.commons.utils.http.HttpServletUtilsTest</className>
          <testName>testRetrieve</testName>
          <skipped>false</skipped>
          <failedSince>0</failedSince>
        </case>
        <case>
          <duration>0.0</duration>
          <className>org.acmsl.commons.utils.http.HttpServletUtilsTest</className>
          <testName>testAppend</testName>
          <skipped>false</skipped>
          <failedSince>0</failedSince>
        </case>
        <case>
          <duration>0.0</duration>
          <className>org.acmsl.commons.utils.http.HttpServletUtilsTest</className>
          <testName>testRemove</testName>
          <skipped>false</skipped>
          <failedSince>0</failedSince>
        </case>
        <case>
          <duration>0.0</duration>
          <className>org.acmsl.commons.utils.http.HttpServletUtilsTest</className>
          <testName>testGetIntParam</testName>
          <skipped>false</skipped>
          <failedSince>0</failedSince>
        </case>
        <case>
          <duration>0.0</duration>
          <className>org.acmsl.commons.utils.http.HttpServletUtilsTest</className>
          <testName>testGetInstance</testName>
          <skipped>false</skipped>
          <failedSince>0</failedSince>
        </case>
      </cases>
    </suite>
    <suite>
      <file>/home/jenkins/workspace/java-commons/target/surefire-reports/TEST-org.acmsl.commons.utils.io.FileUtilsTest.xml</file>
      <name>org.acmsl.commons.utils.io.FileUtilsTest</name>
      <duration>0.001</duration>
      <cases>
        <case>
          <duration>0.001</duration>
          <className>org.acmsl.commons.utils.io.FileUtilsTest</className>
          <testName>stripExtensions_removes_all_extensions</testName>
          <skipped>false</skipped>
          <failedSince>0</failedSince>
        </case>
        <case>
          <duration>0.0</duration>
          <className>org.acmsl.commons.utils.io.FileUtilsTest</className>
          <testName>getFileName_retrieves_just_the_filename_part</testName>
          <skipped>false</skipped>
          <failedSince>0</failedSince>
        </case>
        <case>
          <duration>0.0</duration>
          <className>org.acmsl.commons.utils.io.FileUtilsTest</className>
          <testName>stripExtension_removes_the_last_extension</testName>
          <skipped>false</skipped>
          <failedSince>0</failedSince>
        </case>
      </cases>
    </suite>
    <suite>
      <file>/home/jenkins/workspace/java-commons/target/surefire-reports/TEST-org.acmsl.commons.utils.net.URLUtilsTest.xml</file>
      <name>org.acmsl.commons.utils.net.URLUtilsTest</name>
      <duration>0.031</duration>
      <cases>
        <case>
          <duration>0.021</duration>
          <className>org.acmsl.commons.utils.net.URLUtilsTest</className>
          <testName>testPutParamInQueryString</testName>
          <skipped>false</skipped>
          <failedSince>0</failedSince>
        </case>
        <case>
          <duration>0.005</duration>
          <className>org.acmsl.commons.utils.net.URLUtilsTest</className>
          <testName>testIsMultiple</testName>
          <skipped>false</skipped>
          <failedSince>0</failedSince>
        </case>
        <case>
          <duration>0.005</duration>
          <className>org.acmsl.commons.utils.net.URLUtilsTest</className>
          <testName>testValuePresent</testName>
          <skipped>false</skipped>
          <failedSince>0</failedSince>
        </case>
      </cases>
    </suite>
    <suite>
      <file>/home/jenkins/workspace/java-commons/target/surefire-reports/TEST-org.acmsl.commons.version.VersionTest.xml</file>
      <name>org.acmsl.commons.version.VersionTest</name>
      <duration>0.0</duration>
      <cases>
        <case>
          <duration>0.0</duration>
          <className>org.acmsl.commons.version.VersionTest</className>
          <testName>testGetValue</testName>
          <skipped>false</skipped>
          <failedSince>0</failedSince>
        </case>
      </cases>
    </suite>
    <suite>
      <file>/home/jenkins/workspace/java-commons/target/surefire-reports/TEST-org.acmsl.commons.version.VersionUtilsTest.xml</file>
      <name>org.acmsl.commons.version.VersionUtilsTest</name>
      <duration>0.002</duration>
      <cases>
        <case>
          <duration>0.001</duration>
          <className>org.acmsl.commons.version.VersionUtilsTest</className>
          <testName>testVersionNumbersMatch</testName>
          <skipped>false</skipped>
          <failedSince>0</failedSince>
        </case>
        <case>
          <duration>0.001</duration>
          <className>org.acmsl.commons.version.VersionUtilsTest</className>
          <testName>testMatches</testName>
          <skipped>false</skipped>
          <failedSince>0</failedSince>
        </case>
        <case>
          <duration>0.0</duration>
          <className>org.acmsl.commons.version.VersionUtilsTest</className>
          <testName>testGetInstance</testName>
          <skipped>false</skipped>
          <failedSince>0</failedSince>
        </case>
      </cases>
    </suite>
  </suites>
  <duration>1.9990002</duration>
  <keepLongStdio>false</keepLongStdio>
</result>