<?xml version='1.0' encoding='UTF-8'?>
<result plugin="junit@1.3">
  <suites>
    <suite>
      <file>/home/jenkins/workspace/java-commons/target/surefire-reports/TEST-org.acmsl.commons.BundleI14ableTest.xml</file>
      <name>org.acmsl.commons.BundleI14ableTest</name>
      <duration>0.0</duration>
      <cases>
        <case>
          <duration>0.0</duration>
          <className>org.acmsl.commons.BundleI14ableTest</className>
          <testName>testGetBundleName</testName>
          <skipped>false</skipped>
          <failedSince>0</failedSince>
        </case>
        <case>
          <duration>0.0</duration>
          <className>org.acmsl.commons.BundleI14ableTest</className>
          <testName>testVault</testName>
          <skipped>false</skipped>
          <failedSince>0</failedSince>
        </case>
        <case>
          <duration>0.0</duration>
          <className>org.acmsl.commons.BundleI14ableTest</className>
          <testName>testToString</testName>
          <skipped>false</skipped>
          <failedSince>0</failedSince>
        </case>
        <case>
          <duration>0.0</duration>
          <className>org.acmsl.commons.BundleI14ableTest</className>
          <testName>testGetSystemProperty</testName>
          <skipped>false</skipped>
          <failedSince>0</failedSince>
        </case>
        <case>
          <duration>0.0</duration>
          <className>org.acmsl.commons.BundleI14ableTest</className>
          <testName>testGetMessageKey</testName>
          <skipped>false</skipped>
          <failedSince>0</failedSince>
        </case>
        <case>
          <duration>0.0</duration>
          <className>org.acmsl.commons.BundleI14ableTest</className>
          <testName>testSetIsUsingClassLoader</testName>
          <skipped>false</skipped>
          <failedSince>0</failedSince>
        </case>
        <case>
          <duration>0.0</duration>
          <className>org.acmsl.commons.BundleI14ableTest</className>
          <testName>testGetParams</testName>
          <skipped>false</skipped>
          <failedSince>0</failedSince>
        </case>
      </cases>
    </suite>
    <suite>
      <file>/home/jenkins/workspace/java-commons/target/surefire-reports/TEST-org.acmsl.commons.patterns.dao.ValueObjectFieldTest.xml</file>
      <name>org.acmsl.commons.patterns.dao.ValueObjectFieldTest</name>
      <duration>0.004</duration>
      <cases>
        <case>
          <duration>0.004</duration>
          <className>org.acmsl.commons.patterns.dao.ValueObjectFieldTest</className>
          <testName>testGetFormatter</testName>
          <skipped>false</skipped>
          <failedSince>0</failedSince>
        </case>
        <case>
          <duration>0.0</duration>
          <className>org.acmsl.commons.patterns.dao.ValueObjectFieldTest</className>
          <testName>testVault</testName>
          <skipped>false</skipped>
          <failedSince>0</failedSince>
        </case>
        <case>
          <duration>0.0</duration>
          <className>org.acmsl.commons.patterns.dao.ValueObjectFieldTest</className>
          <testName>testToString</testName>
          <skipped>false</skipped>
          <failedSince>0</failedSince>
        </case>
        <case>
          <duration>0.0</duration>
          <className>org.acmsl.commons.patterns.dao.ValueObjectFieldTest</className>
          <testName>testGetName</testName>
          <skipped>false</skipped>
          <failedSince>0</failedSince>
        </case>
      </cases>
    </suite>
    <suite>
      <file>/home/jenkins/workspace/java-commons/target/surefire-reports/TEST-org.acmsl.commons.regexpplugin.CompilerTest.xml</file>
      <name>org.acmsl.commons.regexpplugin.CompilerTest</name>
      <duration>0.022000002</duration>
      <cases>
        <case>
          <duration>0.0</duration>
          <className>org.acmsl.commons.regexpplugin.CompilerTest</className>
          <testName>testJakartaOroCompile</testName>
          <skipped>false</skipped>
          <failedSince>0</failedSince>
        </case>
        <case>
          <duration>0.004</duration>
          <className>org.acmsl.commons.regexpplugin.CompilerTest</className>
          <testName>testJakartaRegexpCompile</testName>
          <skipped>false</skipped>
          <failedSince>0</failedSince>
        </case>
        <case>
          <duration>0.001</duration>
          <className>org.acmsl.commons.regexpplugin.CompilerTest</className>
          <testName>testDefaultCompile</testName>
          <skipped>false</skipped>
          <failedSince>0</failedSince>
        </case>
        <case>
          <duration>0.016</duration>
          <className>org.acmsl.commons.regexpplugin.CompilerTest</className>
          <testName>testGNUCompile</testName>
          <skipped>false</skipped>
          <failedSince>0</failedSince>
        </case>
        <case>
          <duration>0.001</duration>
          <className>org.acmsl.commons.regexpplugin.CompilerTest</className>
          <testName>testJDKCompile</testName>
          <skipped>false</skipped>
          <failedSince>0</failedSince>
        </case>
      </cases>
    </suite>
    <suite>
      <file>/home/jenkins/workspace/java-commons/target/surefire-reports/TEST-org.acmsl.commons.regexpplugin.HelperTest.xml</file>
      <name>org.acmsl.commons.regexpplugin.HelperTest</name>
      <duration>0.004</duration>
      <cases>
        <case>
          <duration>0.001</duration>
          <className>org.acmsl.commons.regexpplugin.HelperTest</className>
          <testName>replaceAll_works_with_the_default_engine</testName>
          <skipped>false</skipped>
          <failedSince>0</failedSince>
        </case>
        <case>
          <duration>0.001</duration>
          <className>org.acmsl.commons.regexpplugin.HelperTest</className>
          <testName>replaceAll_works_with_the_JDK_engine</testName>
          <skipped>false</skipped>
          <failedSince>0</failedSince>
        </case>
        <case>
          <duration>0.001</duration>
          <className>org.acmsl.commons.regexpplugin.HelperTest</className>
          <testName>replaceAll_works_with_the_JakartaRegexp_engine</testName>
          <skipped>false</skipped>
          <failedSince>0</failedSince>
        </case>
        <case>
          <duration>0.0</duration>
          <className>org.acmsl.commons.regexpplugin.HelperTest</className>
          <testName>replaceAll_works_with_the_ORO_engine</testName>
          <skipped>false</skipped>
          <failedSince>0</failedSince>
        </case>
        <case>
          <duration>0.001</duration>
          <className>org.acmsl.commons.regexpplugin.HelperTest</className>
          <testName>replaceAll_works_with_the_GNURegex_engine</testName>
          <skipped>false</skipped>
          <failedSince>0</failedSince>
        </case>
      </cases>
    </suite>
    <suite>
      <file>/home/jenkins/workspace/java-commons/target/surefire-reports/TEST-org.acmsl.commons.regexpplugin.gnuregexp.CompilerGNUAdapterTest.xml</file>
      <name>org.acmsl.commons.regexpplugin.gnuregexp.CompilerGNUAdapterTest</name>
      <duration>0.0</duration>
      <cases>
        <case>
          <duration>0.0</duration>
          <className>org.acmsl.commons.regexpplugin.gnuregexp.CompilerGNUAdapterTest</className>
          <testName>testVault</testName>
          <skipped>false</skipped>
          <failedSince>0</failedSince>
        </case>
        <case>
          <duration>0.0</duration>
          <className>org.acmsl.commons.regexpplugin.gnuregexp.CompilerGNUAdapterTest</className>
          <testName>testCompile</testName>
          <skipped>false</skipped>
          <failedSince>0</failedSince>
        </case>
        <case>
          <duration>0.0</duration>
          <className>org.acmsl.commons.regexpplugin.gnuregexp.CompilerGNUAdapterTest</className>
          <testName>testSetIsMultiline</testName>
          <skipped>false</skipped>
          <failedSince>0</failedSince>
        </case>
        <case>
          <duration>0.0</duration>
          <className>org.acmsl.commons.regexpplugin.gnuregexp.CompilerGNUAdapterTest</className>
          <testName>testSetIsCaseSensitive</testName>
          <skipped>false</skipped>
          <failedSince>0</failedSince>
        </case>
      </cases>
    </suite>
    <suite>
      <file>/home/jenkins/workspace/java-commons/target/surefire-reports/TEST-org.acmsl.commons.regexpplugin.gnuregexp.GNURegexpEngineTest.xml</file>
      <name>org.acmsl.commons.regexpplugin.gnuregexp.GNURegexpEngineTest</name>
      <duration>0.0</duration>
      <cases>
        <case>
          <duration>0.0</duration>
          <className>org.acmsl.commons.regexpplugin.gnuregexp.GNURegexpEngineTest</className>
          <testName>testCreateHelper</testName>
          <skipped>false</skipped>
          <failedSince>0</failedSince>
        </case>
        <case>
          <duration>0.0</duration>
          <className>org.acmsl.commons.regexpplugin.gnuregexp.GNURegexpEngineTest</className>
          <testName>testVault</testName>
          <skipped>false</skipped>
          <failedSince>0</failedSince>
        </case>
        <case>
          <duration>0.0</duration>
          <className>org.acmsl.commons.regexpplugin.gnuregexp.GNURegexpEngineTest</className>
          <testName>testCreateCompiler</testName>
          <skipped>false</skipped>
          <failedSince>0</failedSince>
        </case>
        <case>
          <duration>0.0</duration>
          <className>org.acmsl.commons.regexpplugin.gnuregexp.GNURegexpEngineTest</className>
          <testName>testCreateMatcher</testName>
          <skipped>false</skipped>
          <failedSince>0</failedSince>
        </case>
      </cases>
    </suite>
    <suite>
      <file>/home/jenkins/workspace/java-commons/target/surefire-reports/TEST-org.acmsl.commons.regexpplugin.gnuregexp.HelperGNUAdapterTest.xml</file>
      <name>org.acmsl.commons.regexpplugin.gnuregexp.HelperGNUAdapterTest</name>
      <duration>0.0</duration>
      <cases>
        <case>
          <duration>0.0</duration>
          <className>org.acmsl.commons.regexpplugin.gnuregexp.HelperGNUAdapterTest</className>
          <testName>testReplaceAll</testName>
          <skipped>false</skipped>
          <failedSince>0</failedSince>
        </case>
        <case>
          <duration>0.0</duration>
          <className>org.acmsl.commons.regexpplugin.gnuregexp.HelperGNUAdapterTest</className>
          <testName>testVault</testName>
          <skipped>false</skipped>
          <failedSince>0</failedSince>
        </case>
      </cases>
    </suite>
    <suite>
      <file>/home/jenkins/workspace/java-commons/target/surefire-reports/TEST-org.acmsl.commons.regexpplugin.gnuregexp.MatchResultGNUAdapterTest.xml</file>
      <name>org.acmsl.commons.regexpplugin.gnuregexp.MatchResultGNUAdapterTest</name>
      <duration>0.001</duration>
      <cases>
        <case>
          <duration>0.001</duration>
          <className>org.acmsl.commons.regexpplugin.gnuregexp.MatchResultGNUAdapterTest</className>
          <testName>testGroup</testName>
          <skipped>false</skipped>
          <failedSince>0</failedSince>
        </case>
        <case>
          <duration>0.0</duration>
          <className>org.acmsl.commons.regexpplugin.gnuregexp.MatchResultGNUAdapterTest</className>
          <testName>testVault</testName>
          <skipped>false</skipped>
          <failedSince>0</failedSince>
        </case>
        <case>
          <duration>0.0</duration>
          <className>org.acmsl.commons.regexpplugin.gnuregexp.MatchResultGNUAdapterTest</className>
          <testName>testGroups</testName>
          <skipped>false</skipped>
          <failedSince>0</failedSince>
        </case>
      </cases>
    </suite>
    <suite>
      <file>/home/jenkins/workspace/java-commons/target/surefire-reports/TEST-org.acmsl.commons.regexpplugin.gnuregexp.MatcherGNUAdapterTest.xml</file>
      <name>org.acmsl.commons.regexpplugin.gnuregexp.MatcherGNUAdapterTest</name>
      <duration>0.0</duration>
      <cases>
        <case>
          <duration>0.0</duration>
          <className>org.acmsl.commons.regexpplugin.gnuregexp.MatcherGNUAdapterTest</className>
          <testName>testGetMatch</testName>
          <skipped>false</skipped>
          <failedSince>0</failedSince>
        </case>
        <case>
          <duration>0.0</duration>
          <className>org.acmsl.commons.regexpplugin.gnuregexp.MatcherGNUAdapterTest</className>
          <testName>testVault</testName>
          <skipped>false</skipped>
          <failedSince>0</failedSince>
        </case>
        <case>
          <duration>0.0</duration>
          <className>org.acmsl.commons.regexpplugin.gnuregexp.MatcherGNUAdapterTest</className>
          <testName>testContains</testName>
          <skipped>false</skipped>
          <failedSince>0</failedSince>
        </case>
      </cases>
    </suite>
    <suite>
      <file>/home/jenkins/workspace/java-commons/target/surefire-reports/TEST-org.acmsl.commons.regexpplugin.gnuregexp.PatternGNUAdapterTest.xml</file>
      <name>org.acmsl.commons.regexpplugin.gnuregexp.PatternGNUAdapterTest</name>
      <duration>0.0</duration>
      <cases>
        <case>
          <duration>0.0</duration>
          <className>org.acmsl.commons.regexpplugin.gnuregexp.PatternGNUAdapterTest</className>
          <testName>testVault</testName>
          <skipped>false</skipped>
          <failedSince>0</failedSince>
        </case>
      </cases>
    </suite>
    <suite>
      <file>/home/jenkins/workspace/java-commons/target/surefire-reports/TEST-org.acmsl.commons.regexpplugin.jakartaoro.AwkCompilerOROAdapterTest.xml</file>
      <name>org.acmsl.commons.regexpplugin.jakartaoro.AwkCompilerOROAdapterTest</name>
      <duration>0.002</duration>
      <cases>
        <case>
          <duration>0.0</duration>
          <className>org.acmsl.commons.regexpplugin.jakartaoro.AwkCompilerOROAdapterTest</className>
          <testName>testVault</testName>
          <skipped>false</skipped>
          <failedSince>0</failedSince>
        </case>
        <case>
          <duration>0.001</duration>
          <className>org.acmsl.commons.regexpplugin.jakartaoro.AwkCompilerOROAdapterTest</className>
          <testName>testCompile</testName>
          <skipped>false</skipped>
          <failedSince>0</failedSince>
        </case>
        <case>
          <duration>0.0</duration>
          <className>org.acmsl.commons.regexpplugin.jakartaoro.AwkCompilerOROAdapterTest</className>
          <testName>testSetIsMultiline</testName>
          <skipped>false</skipped>
          <failedSince>0</failedSince>
        </case>
        <case>
          <duration>0.001</duration>
          <className>org.acmsl.commons.regexpplugin.jakartaoro.AwkCompilerOROAdapterTest</className>
          <testName>testSetIsCaseSensitive</testName>
          <skipped>false</skipped>
          <failedSince>0</failedSince>
        </case>
      </cases>
    </suite>
    <suite>
      <file>/home/jenkins/workspace/java-commons/target/surefire-reports/TEST-org.acmsl.commons.regexpplugin.jakartaoro.AwkMatcherOROAdapterTest.xml</file>
      <name>org.acmsl.commons.regexpplugin.jakartaoro.AwkMatcherOROAdapterTest</name>
      <duration>0.003</duration>
      <cases>
        <case>
          <duration>0.003</duration>
          <className>org.acmsl.commons.regexpplugin.jakartaoro.AwkMatcherOROAdapterTest</className>
          <testName>testGetMatch</testName>
          <skipped>false</skipped>
          <failedSince>0</failedSince>
        </case>
        <case>
          <duration>0.0</duration>
          <className>org.acmsl.commons.regexpplugin.jakartaoro.AwkMatcherOROAdapterTest</className>
          <testName>testVault</testName>
          <skipped>false</skipped>
          <failedSince>0</failedSince>
        </case>
        <case>
          <duration>0.0</duration>
          <className>org.acmsl.commons.regexpplugin.jakartaoro.AwkMatcherOROAdapterTest</className>
          <testName>testContains</testName>
          <skipped>false</skipped>
          <failedSince>0</failedSince>
        </case>
      </cases>
    </suite>
    <suite>
      <file>/home/jenkins/workspace/java-commons/target/surefire-reports/TEST-org.acmsl.commons.regexpplugin.jakartaoro.HelperOROAdapterTest.xml</file>
      <name>org.acmsl.commons.regexpplugin.jakartaoro.HelperOROAdapterTest</name>
      <duration>0.001</duration>
      <cases>
        <case>
          <duration>0.0</duration>
          <className>org.acmsl.commons.regexpplugin.jakartaoro.HelperOROAdapterTest</className>
          <testName>testReplaceAll</testName>
          <skipped>false</skipped>
          <failedSince>0</failedSince>
        </case>
        <case>
          <duration>0.001</duration>
          <className>org.acmsl.commons.regexpplugin.jakartaoro.HelperOROAdapterTest</className>
          <testName>testVault</testName>
          <skipped>false</skipped>
          <failedSince>0</failedSince>
        </case>
      </cases>
    </suite>
    <suite>
      <file>/home/jenkins/workspace/java-commons/target/surefire-reports/TEST-org.acmsl.commons.regexpplugin.jakartaoro.MatchResultOROAdapterTest.xml</file>
      <name>org.acmsl.commons.regexpplugin.jakartaoro.MatchResultOROAdapterTest</name>
      <duration>0.0</duration>
      <cases>
        <case>
          <duration>0.0</duration>
          <className>org.acmsl.commons.regexpplugin.jakartaoro.MatchResultOROAdapterTest</className>
          <testName>testGroup</testName>
          <skipped>false</skipped>
          <failedSince>0</failedSince>
        </case>
        <case>
          <duration>0.0</duration>
          <className>org.acmsl.commons.regexpplugin.jakartaoro.MatchResultOROAdapterTest</className>
          <testName>testVault</testName>
          <skipped>false</skipped>
          <failedSince>0</failedSince>
        </case>
        <case>
          <duration>0.0</duration>
          <className>org.acmsl.commons.regexpplugin.jakartaoro.MatchResultOROAdapterTest</className>
          <testName>testGroups</testName>
          <skipped>false</skipped>
          <failedSince>0</failedSince>
        </case>
      </cases>
    </suite>
    <suite>
      <file>/home/jenkins/workspace/java-commons/target/surefire-reports/TEST-org.acmsl.commons.regexpplugin.jakartaoro.ORORegexpEngineTest.xml</file>
      <name>org.acmsl.commons.regexpplugin.jakartaoro.ORORegexpEngineTest</name>
      <duration>0.0</duration>
      <cases>
        <case>
          <duration>0.0</duration>
          <className>org.acmsl.commons.regexpplugin.jakartaoro.ORORegexpEngineTest</className>
          <testName>testCreateHelper</testName>
          <skipped>false</skipped>
          <failedSince>0</failedSince>
        </case>
        <case>
          <duration>0.0</duration>
          <className>org.acmsl.commons.regexpplugin.jakartaoro.ORORegexpEngineTest</className>
          <testName>testVault</testName>
          <skipped>false</skipped>
          <failedSince>0</failedSince>
        </case>
        <case>
          <duration>0.0</duration>
          <className>org.acmsl.commons.regexpplugin.jakartaoro.ORORegexpEngineTest</className>
          <testName>testCreateCompiler</testName>
          <skipped>false</skipped>
          <failedSince>0</failedSince>
        </case>
        <case>
          <duration>0.0</duration>
          <className>org.acmsl.commons.regexpplugin.jakartaoro.ORORegexpEngineTest</className>
          <testName>testCreateMatcher</testName>
          <skipped>false</skipped>
          <failedSince>0</failedSince>
        </case>
      </cases>
    </suite>
    <suite>
      <file>/home/jenkins/workspace/java-commons/target/surefire-reports/TEST-org.acmsl.commons.regexpplugin.jakartaoro.PatternOROAdapterTest.xml</file>
      <name>org.acmsl.commons.regexpplugin.jakartaoro.PatternOROAdapterTest</name>
      <duration>0.0</duration>
      <cases>
        <case>
          <duration>0.0</duration>
          <className>org.acmsl.commons.regexpplugin.jakartaoro.PatternOROAdapterTest</className>
          <testName>testVault</testName>
          <skipped>false</skipped>
          <failedSince>0</failedSince>
        </case>
      </cases>
    </suite>
    <suite>
      <file>/home/jenkins/workspace/java-commons/target/surefire-reports/TEST-org.acmsl.commons.regexpplugin.jakartaoro.Perl5CompilerOROAdapterTest.xml</file>
      <name>org.acmsl.commons.regexpplugin.jakartaoro.Perl5CompilerOROAdapterTest</name>
      <duration>0.001</duration>
      <cases>
        <case>
          <duration>0.0</duration>
          <className>org.acmsl.commons.regexpplugin.jakartaoro.Perl5CompilerOROAdapterTest</className>
          <testName>testVault</testName>
          <skipped>false</skipped>
          <failedSince>0</failedSince>
        </case>
        <case>
          <duration>0.0</duration>
          <className>org.acmsl.commons.regexpplugin.jakartaoro.Perl5CompilerOROAdapterTest</className>
          <testName>testCompile</testName>
          <skipped>false</skipped>
          <failedSince>0</failedSince>
        </case>
        <case>
          <duration>0.001</duration>
          <className>org.acmsl.commons.regexpplugin.jakartaoro.Perl5CompilerOROAdapterTest</className>
          <testName>testSetIsMultiline</testName>
          <skipped>false</skipped>
          <failedSince>0</failedSince>
        </case>
        <case>
          <duration>0.0</duration>
          <className>org.acmsl.commons.regexpplugin.jakartaoro.Perl5CompilerOROAdapterTest</className>
          <testName>testSetIsCaseSensitive</testName>
          <skipped>false</skipped>
          <failedSince>0</failedSince>
        </case>
      </cases>
    </suite>
    <suite>
      <file>/home/jenkins/workspace/java-commons/target/surefire-reports/TEST-org.acmsl.commons.regexpplugin.jakartaoro.Perl5MatcherOROAdapterTest.xml</file>
      <name>org.acmsl.commons.regexpplugin.jakartaoro.Perl5MatcherOROAdapterTest</name>
      <duration>0.0</duration>
      <cases>
        <case>
          <duration>0.0</duration>
          <className>org.acmsl.commons.regexpplugin.jakartaoro.Perl5MatcherOROAdapterTest</className>
          <testName>testGetMatch</testName>
          <skipped>false</skipped>
          <failedSince>0</failedSince>
        </case>
        <case>
          <duration>0.0</duration>
          <className>org.acmsl.commons.regexpplugin.jakartaoro.Perl5MatcherOROAdapterTest</className>
          <testName>testVault</testName>
          <skipped>false</skipped>
          <failedSince>0</failedSince>
        </case>
        <case>
          <duration>0.0</duration>
          <className>org.acmsl.commons.regexpplugin.jakartaoro.Perl5MatcherOROAdapterTest</className>
          <testName>testContains</testName>
          <skipped>false</skipped>
          <failedSince>0</failedSince>
        </case>
      </cases>
    </suite>
    <suite>
      <file>/home/jenkins/workspace/java-commons/target/surefire-reports/TEST-org.acmsl.commons.regexpplugin.jakartaregexp.CompilerRegexpAdapterTest.xml</file>
      <name>org.acmsl.commons.regexpplugin.jakartaregexp.CompilerRegexpAdapterTest</name>
      <duration>0.0</duration>
      <cases>
        <case>
          <duration>0.0</duration>
          <className>org.acmsl.commons.regexpplugin.jakartaregexp.CompilerRegexpAdapterTest</className>
          <testName>testVault</testName>
          <skipped>false</skipped>
          <failedSince>0</failedSince>
        </case>
        <case>
          <duration>0.0</duration>
          <className>org.acmsl.commons.regexpplugin.jakartaregexp.CompilerRegexpAdapterTest</className>
          <testName>testCompile</testName>
          <skipped>false</skipped>
          <failedSince>0</failedSince>
        </case>
        <case>
          <duration>0.0</duration>
          <className>org.acmsl.commons.regexpplugin.jakartaregexp.CompilerRegexpAdapterTest</className>
          <testName>testSetIsMultiline</testName>
          <skipped>false</skipped>
          <failedSince>0</failedSince>
        </case>
        <case>
          <duration>0.0</duration>
          <className>org.acmsl.commons.regexpplugin.jakartaregexp.CompilerRegexpAdapterTest</className>
          <testName>testSetIsCaseSensitive</testName>
          <skipped>false</skipped>
          <failedSince>0</failedSince>
        </case>
      </cases>
    </suite>
    <suite>
      <file>/home/jenkins/workspace/java-commons/target/surefire-reports/TEST-org.acmsl.commons.regexpplugin.jakartaregexp.HelperRegexpAdapterTest.xml</file>
      <name>org.acmsl.commons.regexpplugin.jakartaregexp.HelperRegexpAdapterTest</name>
      <duration>0.0</duration>
      <cases>
        <case>
          <duration>0.0</duration>
          <className>org.acmsl.commons.regexpplugin.jakartaregexp.HelperRegexpAdapterTest</className>
          <testName>testReplaceAll</testName>
          <skipped>false</skipped>
          <failedSince>0</failedSince>
        </case>
        <case>
          <duration>0.0</duration>
          <className>org.acmsl.commons.regexpplugin.jakartaregexp.HelperRegexpAdapterTest</className>
          <testName>testVault</testName>
          <skipped>false</skipped>
          <failedSince>0</failedSince>
        </case>
      </cases>
    </suite>
    <suite>
      <file>/home/jenkins/workspace/java-commons/target/surefire-reports/TEST-org.acmsl.commons.regexpplugin.jakartaregexp.JakartaRegexpEngineTest.xml</file>
      <name>org.acmsl.commons.regexpplugin.jakartaregexp.JakartaRegexpEngineTest</name>
      <duration>0.0</duration>
      <cases>
        <case>
          <duration>0.0</duration>
          <className>org.acmsl.commons.regexpplugin.jakartaregexp.JakartaRegexpEngineTest</className>
          <testName>testCreateHelper</testName>
          <skipped>false</skipped>
          <failedSince>0</failedSince>
        </case>
        <case>
          <duration>0.0</duration>
          <className>org.acmsl.commons.regexpplugin.jakartaregexp.JakartaRegexpEngineTest</className>
          <testName>testVault</testName>
          <skipped>false</skipped>
          <failedSince>0</failedSince>
        </case>
        <case>
          <duration>0.0</duration>
          <className>org.acmsl.commons.regexpplugin.jakartaregexp.JakartaRegexpEngineTest</className>
          <testName>testCreateCompiler</testName>
          <skipped>false</skipped>
          <failedSince>0</failedSince>
        </case>
        <case>
          <duration>0.0</duration>
          <className>org.acmsl.commons.regexpplugin.jakartaregexp.JakartaRegexpEngineTest</className>
          <testName>testCreateMatcher</testName>
          <skipped>false</skipped>
          <failedSince>0</failedSince>
        </case>
      </cases>
    </suite>
    <suite>
      <file>/home/jenkins/workspace/java-commons/target/surefire-reports/TEST-org.acmsl.commons.regexpplugin.jakartaregexp.MatchResultRegexpAdapterTest.xml</file>
      <name>org.acmsl.commons.regexpplugin.jakartaregexp.MatchResultRegexpAdapterTest</name>
      <duration>0.0</duration>
      <cases>
        <case>
          <duration>0.0</duration>
          <className>org.acmsl.commons.regexpplugin.jakartaregexp.MatchResultRegexpAdapterTest</className>
          <testName>testGetRE</testName>
          <skipped>false</skipped>
          <failedSince>0</failedSince>
        </case>
        <case>
          <duration>0.0</duration>
          <className>org.acmsl.commons.regexpplugin.jakartaregexp.MatchResultRegexpAdapterTest</className>
          <testName>testGroup</testName>
          <skipped>false</skipped>
          <failedSince>0</failedSince>
        </case>
        <case>
          <duration>0.0</duration>
          <className>org.acmsl.commons.regexpplugin.jakartaregexp.MatchResultRegexpAdapterTest</className>
          <testName>testVault</testName>
          <skipped>false</skipped>
          <failedSince>0</failedSince>
        </case>
        <case>
          <duration>0.0</duration>
          <className>org.acmsl.commons.regexpplugin.jakartaregexp.MatchResultRegexpAdapterTest</className>
          <testName>testGroups</testName>
          <skipped>false</skipped>
          <failedSince>0</failedSince>
        </case>
      </cases>
    </suite>
    <suite>
      <file>/home/jenkins/workspace/java-commons/target/surefire-reports/TEST-org.acmsl.commons.regexpplugin.jakartaregexp.MatcherRegexpAdapterTest.xml</file>
      <name>org.acmsl.commons.regexpplugin.jakartaregexp.MatcherRegexpAdapterTest</name>
      <duration>0.002</duration>
      <cases>
        <case>
          <duration>0.0</duration>
          <className>org.acmsl.commons.regexpplugin.jakartaregexp.MatcherRegexpAdapterTest</className>
          <testName>testGetMatch</testName>
          <skipped>false</skipped>
          <failedSince>0</failedSince>
        </case>
        <case>
          <duration>0.0</duration>
          <className>org.acmsl.commons.regexpplugin.jakartaregexp.MatcherRegexpAdapterTest</className>
          <testName>testGetRE</testName>
          <skipped>false</skipped>
          <failedSince>0</failedSince>
        </case>
        <case>
          <duration>0.001</duration>
          <className>org.acmsl.commons.regexpplugin.jakartaregexp.MatcherRegexpAdapterTest</className>
          <testName>testVault</testName>
          <skipped>false</skipped>
          <failedSince>0</failedSince>
        </case>
        <case>
          <duration>0.001</duration>
          <className>org.acmsl.commons.regexpplugin.jakartaregexp.MatcherRegexpAdapterTest</className>
          <testName>testContains</testName>
          <skipped>false</skipped>
          <failedSince>0</failedSince>
        </case>
      </cases>
    </suite>
    <suite>
      <file>/home/jenkins/workspace/java-commons/target/surefire-reports/TEST-org.acmsl.commons.regexpplugin.jakartaregexp.PatternRegexpAdapterTest.xml</file>
      <name>org.acmsl.commons.regexpplugin.jakartaregexp.PatternRegexpAdapterTest</name>
      <duration>0.0</duration>
      <cases>
        <case>
          <duration>0.0</duration>
          <className>org.acmsl.commons.regexpplugin.jakartaregexp.PatternRegexpAdapterTest</className>
          <testName>testVault</testName>
          <skipped>false</skipped>
          <failedSince>0</failedSince>
        </case>
      </cases>
    </suite>
    <suite>
      <file>/home/jenkins/workspace/java-commons/target/surefire-reports/TEST-org.acmsl.commons.regexpplugin.jdk14regexp.CompilerJDKAdapterTest.xml</file>
      <name>org.acmsl.commons.regexpplugin.jdk14regexp.CompilerJDKAdapterTest</name>
      <duration>0.002</duration>
      <cases>
        <case>
          <duration>0.0</duration>
          <className>org.acmsl.commons.regexpplugin.jdk14regexp.CompilerJDKAdapterTest</className>
          <testName>testVault</testName>
          <skipped>false</skipped>
          <failedSince>0</failedSince>
        </case>
        <case>
          <duration>0.002</duration>
          <className>org.acmsl.commons.regexpplugin.jdk14regexp.CompilerJDKAdapterTest</className>
          <testName>testCompile</testName>
          <skipped>false</skipped>
          <failedSince>0</failedSince>
        </case>
        <case>
          <duration>0.0</duration>
          <className>org.acmsl.commons.regexpplugin.jdk14regexp.CompilerJDKAdapterTest</className>
          <testName>testSetIsMultiline</testName>
          <skipped>false</skipped>
          <failedSince>0</failedSince>
        </case>
        <case>
          <duration>0.0</duration>
          <className>org.acmsl.commons.regexpplugin.jdk14regexp.CompilerJDKAdapterTest</className>
          <testName>testSetIsCaseSensitive</testName>
          <skipped>false</skipped>
          <failedSince>0</failedSince>
        </case>
      </cases>
    </suite>
    <suite>
      <file>/home/jenkins/workspace/java-commons/target/surefire-reports/TEST-org.acmsl.commons.regexpplugin.jdk14regexp.HelperJDKAdapterTest.xml</file>
      <name>org.acmsl.commons.regexpplugin.jdk14regexp.HelperJDKAdapterTest</name>
      <duration>0.0</duration>
      <cases>
        <case>
          <duration>0.0</duration>
          <className>org.acmsl.commons.regexpplugin.jdk14regexp.HelperJDKAdapterTest</className>
          <testName>testReplaceAll</testName>
          <skipped>false</skipped>
          <failedSince>0</failedSince>
        </case>
        <case>
          <duration>0.0</duration>
          <className>org.acmsl.commons.regexpplugin.jdk14regexp.HelperJDKAdapterTest</className>
          <testName>testVault</testName>
          <skipped>false</skipped>
          <failedSince>0</failedSince>
        </case>
      </cases>
    </suite>
    <suite>
      <file>/home/jenkins/workspace/java-commons/target/surefire-reports/TEST-org.acmsl.commons.regexpplugin.jdk14regexp.JDKRegexpEngineTest.xml</file>
      <name>org.acmsl.commons.regexpplugin.jdk14regexp.JDKRegexpEngineTest</name>
      <duration>0.001</duration>
      <cases>
        <case>
          <duration>0.001</duration>
          <className>org.acmsl.commons.regexpplugin.jdk14regexp.JDKRegexpEngineTest</className>
          <testName>testCreateHelper</testName>
          <skipped>false</skipped>
          <failedSince>0</failedSince>
        </case>
        <case>
          <duration>0.0</duration>
          <className>org.acmsl.commons.regexpplugin.jdk14regexp.JDKRegexpEngineTest</className>
          <testName>testVault</testName>
          <skipped>false</skipped>
          <failedSince>0</failedSince>
        </case>
        <case>
          <duration>0.0</duration>
          <className>org.acmsl.commons.regexpplugin.jdk14regexp.JDKRegexpEngineTest</className>
          <testName>testCreateCompiler</testName>
          <skipped>false</skipped>
          <failedSince>0</failedSince>
        </case>
        <case>
          <duration>0.0</duration>
          <className>org.acmsl.commons.regexpplugin.jdk14regexp.JDKRegexpEngineTest</className>
          <testName>testCreateMatcher</testName>
          <skipped>false</skipped>
          <failedSince>0</failedSince>
        </case>
      </cases>
    </suite>
    <suite>
      <file>/home/jenkins/workspace/java-commons/target/surefire-reports/TEST-org.acmsl.commons.regexpplugin.jdk14regexp.MatchResultJDKAdapterTest.xml</file>
      <name>org.acmsl.commons.regexpplugin.jdk14regexp.MatchResultJDKAdapterTest</name>
      <duration>0.002</duration>
      <cases>
        <case>
          <duration>0.001</duration>
          <className>org.acmsl.commons.regexpplugin.jdk14regexp.MatchResultJDKAdapterTest</className>
          <testName>testGroup</testName>
          <skipped>false</skipped>
          <failedSince>0</failedSince>
        </case>
        <case>
          <duration>0.0</duration>
          <className>org.acmsl.commons.regexpplugin.jdk14regexp.MatchResultJDKAdapterTest</className>
          <testName>testVault</testName>
          <skipped>false</skipped>
          <failedSince>0</failedSince>
        </case>
        <case>
          <duration>0.001</duration>
          <className>org.acmsl.commons.regexpplugin.jdk14regexp.MatchResultJDKAdapterTest</className>
          <testName>testGetMatcher</testName>
          <skipped>false</skipped>
          <failedSince>0</failedSince>
        </case>
        <case>
          <duration>0.0</duration>
          <className>org.acmsl.commons.regexpplugin.jdk14regexp.MatchResultJDKAdapterTest</className>
          <testName>testGroups</testName>
          <skipped>false</skipped>
          <failedSince>0</failedSince>
        </case>
      </cases>
    </suite>
    <suite>
      <file>/home/jenkins/workspace/java-commons/target/surefire-reports/TEST-org.acmsl.commons.regexpplugin.jdk14regexp.MatcherJDKAdapterTest.xml</file>
      <name>org.acmsl.commons.regexpplugin.jdk14regexp.MatcherJDKAdapterTest</name>
      <duration>0.001</duration>
      <cases>
        <case>
          <duration>0.0</duration>
          <className>org.acmsl.commons.regexpplugin.jdk14regexp.MatcherJDKAdapterTest</className>
          <testName>testGetMatch</testName>
          <skipped>false</skipped>
          <failedSince>0</failedSince>
        </case>
        <case>
          <duration>0.0</duration>
          <className>org.acmsl.commons.regexpplugin.jdk14regexp.MatcherJDKAdapterTest</className>
          <testName>testVault</testName>
          <skipped>false</skipped>
          <failedSince>0</failedSince>
        </case>
        <case>
          <duration>0.001</duration>
          <className>org.acmsl.commons.regexpplugin.jdk14regexp.MatcherJDKAdapterTest</className>
          <testName>testContains</testName>
          <skipped>false</skipped>
          <failedSince>0</failedSince>
        </case>
      </cases>
    </suite>
    <suite>
      <file>/home/jenkins/workspace/java-commons/target/surefire-reports/TEST-org.acmsl.commons.regexpplugin.jdk14regexp.PatternJDKAdapterTest.xml</file>
      <name>org.acmsl.commons.regexpplugin.jdk14regexp.PatternJDKAdapterTest</name>
      <duration>0.0</duration>
      <cases>
        <case>
          <duration>0.0</duration>
          <className>org.acmsl.commons.regexpplugin.jdk14regexp.PatternJDKAdapterTest</className>
          <testName>testVault</testName>
          <skipped>false</skipped>
          <failedSince>0</failedSince>
        </case>
      </cases>
    </suite>
    <suite>
      <file>/home/jenkins/workspace/java-commons/target/surefire-reports/TEST-org.acmsl.commons.utils.CharUtilsTest.xml</file>
      <name>org.acmsl.commons.utils.CharUtilsTest</name>
      <duration>0.001</duration>
      <cases>
        <case>
          <duration>0.0</duration>
          <className>org.acmsl.commons.utils.CharUtilsTest</className>
          <testName>testVault</testName>
          <skipped>false</skipped>
          <failedSince>0</failedSince>
        </case>
        <case>
          <duration>0.001</duration>
          <className>org.acmsl.commons.utils.CharUtilsTest</className>
          <testName>testSubbuffer</testName>
          <skipped>false</skipped>
          <failedSince>0</failedSince>
        </case>
        <case>
          <duration>0.0</duration>
          <className>org.acmsl.commons.utils.CharUtilsTest</className>
          <testName>testGetInstance</testName>
          <skipped>false</skipped>
          <failedSince>0</failedSince>
        </case>
      </cases>
    </suite>
    <suite>
      <file>/home/jenkins/workspace/java-commons/target/surefire-reports/TEST-org.acmsl.commons.utils.ClassLoaderUtilsTest.xml</file>
      <name>org.acmsl.commons.utils.ClassLoaderUtilsTest</name>
      <duration>3.839</duration>
      <cases>
        <case>
          <duration>0.177</duration>
          <className>org.acmsl.commons.utils.ClassLoaderUtilsTest</className>
          <testName>pathContainsClass_works</testName>
          <skipped>false</skipped>
          <failedSince>0</failedSince>
        </case>
        <case>
          <duration>3.662</duration>
          <className>org.acmsl.commons.utils.ClassLoaderUtilsTest</className>
          <testName>findLocation_works</testName>
          <skipped>false</skipped>
          <failedSince>0</failedSince>
        </case>
      </cases>
    </suite>
    <suite>
      <file>/home/jenkins/workspace/java-commons/target/surefire-reports/TEST-org.acmsl.commons.utils.ConversionUtilsTest.xml</file>
      <name>org.acmsl.commons.utils.ConversionUtilsTest</name>
      <duration>0.08000001</duration>
      <cases>
        <case>
          <duration>0.001</duration>
          <className>org.acmsl.commons.utils.ConversionUtilsTest</className>
          <testName>testToLongIfNotNull</testName>
          <skipped>false</skipped>
          <failedSince>0</failedSince>
        </case>
        <case>
          <duration>0.07</duration>
          <className>org.acmsl.commons.utils.ConversionUtilsTest</className>
          <testName>testToBigDecimal</testName>
          <skipped>false</skipped>
          <failedSince>0</failedSince>
        </case>
        <case>
          <duration>0.001</duration>
          <className>org.acmsl.commons.utils.ConversionUtilsTest</className>
          <testName>testToFloat</testName>
          <skipped>false</skipped>
          <failedSince>0</failedSince>
        </case>
        <case>
          <duration>0.0</duration>
          <className>org.acmsl.commons.utils.ConversionUtilsTest</className>
          <testName>testToShort</testName>
          <skipped>false</skipped>
          <failedSince>0</failedSince>
        </case>
        <case>
          <duration>0.001</duration>
          <className>org.acmsl.commons.utils.ConversionUtilsTest</className>
          <testName>testToDouble</testName>
          <skipped>false</skipped>
          <failedSince>0</failedSince>
        </case>
        <case>
          <duration>0.0</duration>
          <className>org.acmsl.commons.utils.ConversionUtilsTest</className>
          <testName>testToInt</testName>
          <skipped>false</skipped>
          <failedSince>0</failedSince>
        </case>
        <case>
          <duration>0.0</duration>
          <className>org.acmsl.commons.utils.ConversionUtilsTest</className>
          <testName>testVault</testName>
          <skipped>false</skipped>
          <failedSince>0</failedSince>
        </case>
        <case>
          <duration>0.001</duration>
          <className>org.acmsl.commons.utils.ConversionUtilsTest</className>
          <testName>testToString</testName>
          <skipped>false</skipped>
          <failedSince>0</failedSince>
        </case>
        <case>
          <duration>0.001</duration>
          <className>org.acmsl.commons.utils.ConversionUtilsTest</className>
          <testName>testToBoolean</testName>
          <skipped>false</skipped>
          <failedSince>0</failedSince>
        </case>
        <case>
          <duration>0.0</duration>
          <className>org.acmsl.commons.utils.ConversionUtilsTest</className>
          <testName>testToIntIfNotNull</testName>
          <skipped>false</skipped>
          <failedSince>0</failedSince>
        </case>
        <case>
          <duration>0.0</duration>
          <className>org.acmsl.commons.utils.ConversionUtilsTest</className>
          <testName>testToCharIfNotNull</testName>
          <skipped>false</skipped>
          <failedSince>0</failedSince>
        </case>
        <case>
          <duration>0.0</duration>
          <className>org.acmsl.commons.utils.ConversionUtilsTest</className>
          <testName>testToShortIfNotNull</testName>
          <skipped>false</skipped>
          <failedSince>0</failedSince>
        </case>
        <case>
          <duration>0.0</duration>
          <className>org.acmsl.commons.utils.ConversionUtilsTest</className>
          <testName>testToBigDecimalIfNotNull</testName>
          <skipped>false</skipped>
          <failedSince>0</failedSince>
        </case>
        <case>
          <duration>0.0</duration>
          <className>org.acmsl.commons.utils.ConversionUtilsTest</className>
          <testName>testToByteIfNotNull</testName>
          <skipped>false</skipped>
          <failedSince>0</failedSince>
        </case>
        <case>
          <duration>0.0</duration>
          <className>org.acmsl.commons.utils.ConversionUtilsTest</className>
          <testName>testToDateIfNotNull</testName>
          <skipped>false</skipped>
          <failedSince>0</failedSince>
        </case>
        <case>
          <duration>0.001</duration>
          <className>org.acmsl.commons.utils.ConversionUtilsTest</className>
          <testName>testToBooleanIfNotNull</testName>
          <skipped>false</skipped>
          <failedSince>0</failedSince>
        </case>
        <case>
          <duration>0.0</duration>
          <className>org.acmsl.commons.utils.ConversionUtilsTest</className>
          <testName>testToFloatIfNotNull</testName>
          <skipped>false</skipped>
          <failedSince>0</failedSince>
        </case>
        <case>
          <duration>0.0</duration>
          <className>org.acmsl.commons.utils.ConversionUtilsTest</className>
          <testName>testToDoubleIfNotNull</testName>
          <skipped>false</skipped>
          <failedSince>0</failedSince>
        </case>
        <case>
          <duration>0.001</duration>
          <className>org.acmsl.commons.utils.ConversionUtilsTest</className>
          <testName>testToByte</testName>
          <skipped>false</skipped>
          <failedSince>0</failedSince>
        </case>
        <case>
          <duration>0.002</duration>
          <className>org.acmsl.commons.utils.ConversionUtilsTest</className>
          <testName>testToChar</testName>
          <skipped>false</skipped>
          <failedSince>0</failedSince>
        </case>
        <case>
          <duration>0.0</duration>
          <className>org.acmsl.commons.utils.ConversionUtilsTest</className>
          <testName>testToDate</testName>
          <skipped>false</skipped>
          <failedSince>0</failedSince>
        </case>
        <case>
          <duration>0.001</duration>
          <className>org.acmsl.commons.utils.ConversionUtilsTest</className>
          <testName>testToLong</testName>
          <skipped>false</skipped>
          <failedSince>0</failedSince>
        </case>
        <case>
          <duration>0.0</duration>
          <className>org.acmsl.commons.utils.ConversionUtilsTest</className>
          <testName>testGetInstance</testName>
          <skipped>false</skipped>
          <failedSince>0</failedSince>
        </case>
        <case>
          <duration>0.0</duration>
          <className>org.acmsl.commons.utils.ConversionUtilsTest</className>
          <testName>testToStringIfNotNull</testName>
          <skipped>false</skipped>
          <failedSince>0</failedSince>
        </case>
      </cases>
    </suite>
    <suite>
      <file>/home/jenkins/workspace/java-commons/target/surefire-reports/TEST-org.acmsl.commons.utils.EnglishGrammarUtilsTest.xml</file>
      <name>org.acmsl.commons.utils.EnglishGrammarUtilsTest</name>
      <duration>0.010000001</duration>
      <cases>
        <case>
          <duration>0.008</duration>
          <className>org.acmsl.commons.utils.EnglishGrammarUtilsTest</className>
          <testName>getPlural_works</testName>
          <skipped>false</skipped>
          <failedSince>0</failedSince>
        </case>
        <case>
          <duration>0.001</duration>
          <className>org.acmsl.commons.utils.EnglishGrammarUtilsTest</className>
          <testName>getRegularSingularForm_works</testName>
          <skipped>false</skipped>
          <failedSince>0</failedSince>
        </case>
        <case>
          <duration>0.0</duration>
          <className>org.acmsl.commons.utils.EnglishGrammarUtilsTest</className>
          <testName>getRegularPluralForm_works</testName>
          <skipped>false</skipped>
          <failedSince>0</failedSince>
        </case>
        <case>
          <duration>0.001</duration>
          <className>org.acmsl.commons.utils.EnglishGrammarUtilsTest</className>
          <testName>getSingular_works</testName>
          <skipped>false</skipped>
          <failedSince>0</failedSince>
        </case>
      </cases>
    </suite>
    <suite>
      <file>/home/jenkins/workspace/java-commons/target/surefire-reports/TEST-org.acmsl.commons.utils.EqualityComparatorTest.xml</file>
      <name>org.acmsl.commons.utils.EqualityComparatorTest</name>
      <duration>0.011</duration>
      <cases>
        <case>
          <duration>0.001</duration>
          <className>org.acmsl.commons.utils.EqualityComparatorTest</className>
          <testName>testAreEqualLong</testName>
          <skipped>false</skipped>
          <failedSince>0</failedSince>
        </case>
        <case>
          <duration>0.009</duration>
          <className>org.acmsl.commons.utils.EqualityComparatorTest</className>
          <testName>testAreEqualFloat</testName>
          <skipped>false</skipped>
          <failedSince>0</failedSince>
        </case>
        <case>
          <duration>0.0</duration>
          <className>org.acmsl.commons.utils.EqualityComparatorTest</className>
          <testName>testAreEqualInt</testName>
          <skipped>false</skipped>
          <failedSince>0</failedSince>
        </case>
        <case>
          <duration>0.0</duration>
          <className>org.acmsl.commons.utils.EqualityComparatorTest</className>
          <testName>testAreEqualDouble</testName>
          <skipped>false</skipped>
          <failedSince>0</failedSince>
        </case>
        <case>
          <duration>0.001</duration>
          <className>org.acmsl.commons.utils.EqualityComparatorTest</className>
          <testName>testAreEqualObject</testName>
          <skipped>false</skipped>
          <failedSince>0</failedSince>
        </case>
      </cases>
    </suite>
    <suite>
      <file>/home/jenkins/workspace/java-commons/target/surefire-reports/TEST-org.acmsl.commons.utils.ReflectionUtilsTest.xml</file>
      <name>org.acmsl.commons.utils.ReflectionUtilsTest</name>
      <duration>0.0</duration>
      <cases>
        <case>
          <duration>0.0</duration>
          <className>org.acmsl.commons.utils.ReflectionUtilsTest</className>
          <testName>testGetFieldValue</testName>
          <skipped>false</skipped>
          <failedSince>0</failedSince>
        </case>
        <case>
          <duration>0.0</duration>
          <className>org.acmsl.commons.utils.ReflectionUtilsTest</className>
          <testName>testGetClassMembers</testName>
          <skipped>false</skipped>
          <failedSince>0</failedSince>
        </case>
        <case>
          <duration>0.0</duration>
          <className>org.acmsl.commons.utils.ReflectionUtilsTest</className>
          <testName>testVault</testName>
          <skipped>false</skipped>
          <failedSince>0</failedSince>
        </case>
        <case>
          <duration>0.0</duration>
          <className>org.acmsl.commons.utils.ReflectionUtilsTest</className>
          <testName>testRetrieveSuperClasses</testName>
          <skipped>false</skipped>
          <failedSince>0</failedSince>
        </case>
        <case>
          <duration>0.0</duration>
          <className>org.acmsl.commons.utils.ReflectionUtilsTest</className>
          <testName>testGetClassMembersAsCollection</testName>
          <skipped>false</skipped>
          <failedSince>0</failedSince>
        </case>
        <case>
          <duration>0.0</duration>
          <className>org.acmsl.commons.utils.ReflectionUtilsTest</className>
          <testName>testGetMember</testName>
          <skipped>false</skipped>
          <failedSince>0</failedSince>
        </case>
        <case>
          <duration>0.0</duration>
          <className>org.acmsl.commons.utils.ReflectionUtilsTest</className>
          <testName>testGetContextClassLoader</testName>
          <skipped>false</skipped>
          <failedSince>0</failedSince>
        </case>
        <case>
          <duration>0.0</duration>
          <className>org.acmsl.commons.utils.ReflectionUtilsTest</className>
          <testName>testGetInstance</testName>
          <skipped>false</skipped>
          <failedSince>0</failedSince>
        </case>
      </cases>
    </suite>
    <suite>
      <file>/home/jenkins/workspace/java-commons/target/surefire-reports/TEST-org.acmsl.commons.utils.SaxUtilsTest.xml</file>
      <name>org.acmsl.commons.utils.SaxUtilsTest</name>
      <duration>0.001</duration>
      <cases>
        <case>
          <duration>0.001</duration>
          <className>org.acmsl.commons.utils.SaxUtilsTest</className>
          <testName>retrieves_the_actual_file_in_a_SAXException</testName>
          <skipped>false</skipped>
          <failedSince>0</failedSince>
        </case>
      </cases>
    </suite>
    <suite>
      <file>/home/jenkins/workspace/java-commons/target/surefire-reports/TEST-org.acmsl.commons.utils.StringUtilsTest.xml</file>
      <name>org.acmsl.commons.utils.StringUtilsTest</name>
      <duration>0.014</duration>
      <cases>
        <case>
          <duration>0.002</duration>
          <className>org.acmsl.commons.utils.StringUtilsTest</className>
          <testName>capitalize_works_for_mixed_cased_strings</testName>
          <skipped>false</skipped>
          <failedSince>0</failedSince>
        </case>
        <case>
          <duration>0.001</duration>
          <className>org.acmsl.commons.utils.StringUtilsTest</className>
          <testName>testJustify</testName>
          <skipped>false</skipped>
          <failedSince>0</failedSince>
        </case>
        <case>
          <duration>0.0</duration>
          <className>org.acmsl.commons.utils.StringUtilsTest</className>
          <testName>capitalize_preserves_camelCase</testName>
          <skipped>false</skipped>
          <failedSince>0</failedSince>
        </case>
        <case>
          <duration>0.002</duration>
          <className>org.acmsl.commons.utils.StringUtilsTest</className>
          <testName>testEscapeRegexp</testName>
          <skipped>false</skipped>
          <failedSince>0</failedSince>
        </case>
        <case>
          <duration>0.001</duration>
          <className>org.acmsl.commons.utils.StringUtilsTest</className>
          <testName>capitalizeFirst_works</testName>
          <skipped>false</skipped>
          <failedSince>0</failedSince>
        </case>
        <case>
          <duration>0.0</duration>
          <className>org.acmsl.commons.utils.StringUtilsTest</className>
          <testName>capitalize_works_for_upper_cased_strings</testName>
          <skipped>false</skipped>
          <failedSince>0</failedSince>
        </case>
        <case>
          <duration>0.001</duration>
          <className>org.acmsl.commons.utils.StringUtilsTest</className>
          <testName>testPackageToFilePath</testName>
          <skipped>false</skipped>
          <failedSince>0</failedSince>
        </case>
        <case>
          <duration>0.007</duration>
          <className>org.acmsl.commons.utils.StringUtilsTest</className>
          <testName>capitalize_works_for_lowercase</testName>
          <skipped>false</skipped>
          <failedSince>0</failedSince>
        </case>
        <case>
          <duration>0.0</duration>
          <className>org.acmsl.commons.utils.StringUtilsTest</className>
          <testName>testApplyToEachLine</testName>
          <skipped>false</skipped>
          <failedSince>0</failedSince>
        </case>
        <case>
          <duration>0.0</duration>
          <className>org.acmsl.commons.utils.StringUtilsTest</className>
          <testName>testRetrieveMinimumIndentInAllLines</testName>
          <skipped>false</skipped>
          <failedSince>0</failedSince>
        </case>
        <case>
          <duration>0.0</duration>
          <className>org.acmsl.commons.utils.StringUtilsTest</className>
          <testName>testRemoveFirstAndLastBlankLines</testName>
          <skipped>false</skipped>
          <failedSince>0</failedSince>
        </case>
        <case>
          <duration>0.0</duration>
          <className>org.acmsl.commons.utils.StringUtilsTest</className>
          <testName>testReplace</testName>
          <skipped>false</skipped>
          <failedSince>0</failedSince>
        </case>
        <case>
          <duration>0.0</duration>
          <className>org.acmsl.commons.utils.StringUtilsTest</className>
          <testName>testUncapitalizeStart</testName>
          <skipped>false</skipped>
          <failedSince>0</failedSince>
        </case>
        <case>
          <duration>0.0</duration>
          <className>org.acmsl.commons.utils.StringUtilsTest</className>
          <testName>testNormalize</testName>
          <skipped>false</skipped>
          <failedSince>0</failedSince>
        </case>
        <case>
          <duration>0.0</duration>
          <className>org.acmsl.commons.utils.StringUtilsTest</className>
          <testName>isEmpty_works_for_empty_strings</testName>
          <skipped>false</skipped>
          <failedSince>0</failedSince>
        </case>
        <case>
          <duration>0.0</duration>
          <className>org.acmsl.commons.utils.StringUtilsTest</className>
          <testName>testEscape</testName>
          <skipped>false</skipped>
          <failedSince>0</failedSince>
        </case>
        <case>
          <duration>0.0</duration>
          <className>org.acmsl.commons.utils.StringUtilsTest</className>
          <testName>testUncapitalize</testName>
          <skipped>false</skipped>
          <failedSince>0</failedSince>
        </case>
        <case>
          <duration>0.0</duration>
          <className>org.acmsl.commons.utils.StringUtilsTest</className>
          <testName>testSoftNormalize</testName>
          <skipped>false</skipped>
          <failedSince>0</failedSince>
        </case>
      </cases>
    </suite>
    <suite>
      <file>/home/jenkins/workspace/java-commons/target/surefire-reports/TEST-org.acmsl.commons.utils.StringValidatorTest.xml</file>
      <name>org.acmsl.commons.utils.StringValidatorTest</name>
      <duration>0.001</duration>
      <cases>
        <case>
          <duration>0.001</duration>
          <className>org.acmsl.commons.utils.StringValidatorTest</className>
          <testName>testIsEmpty</testName>
          <skipped>false</skipped>
          <failedSince>0</failedSince>
        </case>
      </cases>
    </suite>
    <suite>
      <file>/home/jenkins/workspace/java-commons/target/surefire-reports/TEST-org.acmsl.commons.utils.ToStringUtilsTest.xml</file>
      <name>org.acmsl.commons.utils.ToStringUtilsTest</name>
      <duration>0.006</duration>
      <cases>
        <case>
          <duration>0.006</duration>
          <className>org.acmsl.commons.utils.ToStringUtilsTest</className>
          <testName>stackTraceContainsToString_detects_recursive_calls_to_toString</testName>
          <skipped>false</skipped>
          <failedSince>0</failedSince>
        </case>
      </cases>
    </suite>
    <suite>
      <file>/home/jenkins/workspace/java-commons/target/surefire-reports/TEST-org.acmsl.commons.utils.http.HttpServletUtilsTest.xml</file>
      <name>org.acmsl.commons.utils.http.HttpServletUtilsTest</name>
      <duration>0.004</duration>
      <cases>
        <case>
          <duration>0.002</duration>
          <className>org.acmsl.commons.utils.http.HttpServletUtilsTest</className>
          <testName>testGetContextPath</testName>
          <skipped>false</skipped>
          <failedSince>0</failedSince>
        </case>
        <case>
          <duration>0.0</duration>
          <className>org.acmsl.commons.utils.http.HttpServletUtilsTest</className>
          <testName>testAddParameter</testName>
          <skipped>false</skipped>
          <failedSince>0</failedSince>
        </case>
        <case>
          <duration>0.0</duration>
          <className>org.acmsl.commons.utils.http.HttpServletUtilsTest</className>
          <testName>testStore</testName>
          <skipped>false</skipped>
          <failedSince>0</failedSince>
        </case>
        <case>
          <duration>0.001</duration>
          <className>org.acmsl.commons.utils.http.HttpServletUtilsTest</className>
          <testName>testVault</testName>
          <skipped>false</skipped>
          <failedSince>0</failedSince>
        </case>
        <case>
          <duration>0.0</duration>
          <className>org.acmsl.commons.utils.http.HttpServletUtilsTest</className>
          <testName>testI14e</testName>
          <skipped>false</skipped>
          <failedSince>0</failedSince>
        </case>
        <case>
          <duration>0.0</duration>
          <className>org.acmsl.commons.utils.http.HttpServletUtilsTest</className>
          <testName>testParseNameValuePair</testName>
          <skipped>false</skipped>
          <failedSince>0</failedSince>
        </case>
        <case>
          <duration>0.0</duration>
          <className>org.acmsl.commons.utils.http.HttpServletUtilsTest</className>
          <testName>testGetServletPath</testName>
          <skipped>false</skipped>
          <failedSince>0</failedSince>
        </case>
        <case>
          <duration>0.0</duration>
          <className>org.acmsl.commons.utils.http.HttpServletUtilsTest</className>
          <testName>testRetrieve</testName>
          <skipped>false</skipped>
          <failedSince>0</failedSince>
        </case>
        <case>
          <duration>0.0</duration>
          <className>org.acmsl.commons.utils.http.HttpServletUtilsTest</className>
          <testName>testAppend</testName>
          <skipped>false</skipped>
          <failedSince>0</failedSince>
        </case>
        <case>
          <duration>0.001</duration>
          <className>org.acmsl.commons.utils.http.HttpServletUtilsTest</className>
          <testName>testRemove</testName>
          <skipped>false</skipped>
          <failedSince>0</failedSince>
        </case>
        <case>
          <duration>0.0</duration>
          <className>org.acmsl.commons.utils.http.HttpServletUtilsTest</className>
          <testName>testGetIntParam</testName>
          <skipped>false</skipped>
          <failedSince>0</failedSince>
        </case>
        <case>
          <duration>0.0</duration>
          <className>org.acmsl.commons.utils.http.HttpServletUtilsTest</className>
          <testName>testGetInstance</testName>
          <skipped>false</skipped>
          <failedSince>0</failedSince>
        </case>
      </cases>
    </suite>
    <suite>
      <file>/home/jenkins/workspace/java-commons/target/surefire-reports/TEST-org.acmsl.commons.utils.io.FileUtilsTest.xml</file>
      <name>org.acmsl.commons.utils.io.FileUtilsTest</name>
      <duration>0.006</duration>
      <cases>
        <case>
          <duration>0.005</duration>
          <className>org.acmsl.commons.utils.io.FileUtilsTest</className>
          <testName>stripExtensions_removes_all_extensions</testName>
          <skipped>false</skipped>
          <failedSince>0</failedSince>
        </case>
        <case>
          <duration>0.001</duration>
          <className>org.acmsl.commons.utils.io.FileUtilsTest</className>
          <testName>getFileName_retrieves_just_the_filename_part</testName>
          <skipped>false</skipped>
          <failedSince>0</failedSince>
        </case>
        <case>
          <duration>0.0</duration>
          <className>org.acmsl.commons.utils.io.FileUtilsTest</className>
          <testName>stripExtension_removes_the_last_extension</testName>
          <skipped>false</skipped>
          <failedSince>0</failedSince>
        </case>
      </cases>
    </suite>
    <suite>
      <file>/home/jenkins/workspace/java-commons/target/surefire-reports/TEST-org.acmsl.commons.utils.net.URLUtilsTest.xml</file>
      <name>org.acmsl.commons.utils.net.URLUtilsTest</name>
      <duration>0.038000003</duration>
      <cases>
        <case>
          <duration>0.026</duration>
          <className>org.acmsl.commons.utils.net.URLUtilsTest</className>
          <testName>testPutParamInQueryString</testName>
          <skipped>false</skipped>
          <failedSince>0</failedSince>
        </case>
        <case>
          <duration>0.006</duration>
          <className>org.acmsl.commons.utils.net.URLUtilsTest</className>
          <testName>testIsMultiple</testName>
          <skipped>false</skipped>
          <failedSince>0</failedSince>
        </case>
        <case>
          <duration>0.006</duration>
          <className>org.acmsl.commons.utils.net.URLUtilsTest</className>
          <testName>testValuePresent</testName>
          <skipped>false</skipped>
          <failedSince>0</failedSince>
        </case>
      </cases>
    </suite>
    <suite>
      <file>/home/jenkins/workspace/java-commons/target/surefire-reports/TEST-org.acmsl.commons.version.VersionTest.xml</file>
      <name>org.acmsl.commons.version.VersionTest</name>
      <duration>0.0</duration>
      <cases>
        <case>
          <duration>0.0</duration>
          <className>org.acmsl.commons.version.VersionTest</className>
          <testName>testGetValue</testName>
          <skipped>false</skipped>
          <failedSince>0</failedSince>
        </case>
      </cases>
    </suite>
    <suite>
      <file>/home/jenkins/workspace/java-commons/target/surefire-reports/TEST-org.acmsl.commons.version.VersionUtilsTest.xml</file>
      <name>org.acmsl.commons.version.VersionUtilsTest</name>
      <duration>0.0</duration>
      <cases>
        <case>
          <duration>0.0</duration>
          <className>org.acmsl.commons.version.VersionUtilsTest</className>
          <testName>testVersionNumbersMatch</testName>
          <skipped>false</skipped>
          <failedSince>0</failedSince>
        </case>
        <case>
          <duration>0.0</duration>
          <className>org.acmsl.commons.version.VersionUtilsTest</className>
          <testName>testMatches</testName>
          <skipped>false</skipped>
          <failedSince>0</failedSince>
        </case>
        <case>
          <duration>0.0</duration>
          <className>org.acmsl.commons.version.VersionUtilsTest</className>
          <testName>testGetInstance</testName>
          <skipped>false</skipped>
          <failedSince>0</failedSince>
        </case>
      </cases>
    </suite>
  </suites>
  <duration>4.057</duration>
  <keepLongStdio>false</keepLongStdio>
</result>